#
# There is insufficient memory for the Java Runtime Environment to continue.
# Native memory allocation (malloc) failed to allocate 32744 bytes for ChunkPool::allocate
# Possible reasons:
#   The system is out of physical RAM or swap space
#   The process is running with CompressedOops enabled, and the Java Heap may be blocking the growth of the native heap
# Possible solutions:
#   Reduce memory load on the system
#   Increase physical memory or swap space
#   Check if swap backing store is full
#   Decrease Java heap size (-Xmx/-Xms)
#   Decrease number of Java threads
#   Decrease Java thread stack sizes (-Xss)
#   Set larger code cache with -XX:ReservedCodeCacheSize=
#   JVM is running with Unscaled Compressed Oops mode in which the Java heap is
#     placed in the first 4GB address space. The Java Heap base address is the
#     maximum limit for the native heap growth. Please use -XX:HeapBaseMinAddress
#     to set the Java Heap base and to place the Java Heap above 4GB virtual address.
# This output file may be truncated or incomplete.
#
#  Out of Memory Error (allocation.cpp:272), pid=18480, tid=0x0000000000004c6c
#
# JRE version: OpenJDK Runtime Environment (8.0_242-b01) (build 1.8.0_242-release-1644-b01)
# Java VM: OpenJDK 64-Bit Server VM (25.242-b01 mixed mode windows-amd64 compressed oops)
# Failed to write core dump. Minidumps are not enabled by default on client versions of Windows
#

---------------  T H R E A D  ---------------

Current thread (0x0000000016326800):  JavaThread "C2 CompilerThread0" daemon [_thread_in_native, id=19564, stack(0x0000000017980000,0x0000000017a80000)]

Stack: [0x0000000017980000,0x0000000017a80000]
[error occurred during error reporting (printing stack bounds), id 0xc0000005]

Native frames: (J=compiled Java code, j=interpreted, Vv=VM code, C=native code)


Current CompileTask:
C2:  76510 4611       4       com.google.gson.stream.JsonReader::nextNonWhitespace (357 bytes)


---------------  P R O C E S S  ---------------

Java Threads: ( => current thread )
  0x0000000018331800 JavaThread "Memory manager" [_thread_blocked, id=8400, stack(0x0000000000d20000,0x0000000000e20000)]
  0x0000000018330800 JavaThread "jar transforms Thread 112" [_thread_blocked, id=10404, stack(0x0000000028370000,0x0000000028470000)]
  0x0000000018333800 JavaThread "jar transforms Thread 111" [_thread_blocked, id=9564, stack(0x0000000028270000,0x0000000028370000)]
  0x0000000018330000 JavaThread "jar transforms Thread 110" [_thread_blocked, id=12596, stack(0x0000000028170000,0x0000000028270000)]
  0x0000000018333000 JavaThread "jar transforms Thread 109" [_thread_blocked, id=12796, stack(0x0000000028070000,0x0000000028170000)]
  0x000000001832f000 JavaThread "jar transforms Thread 108" [_thread_blocked, id=2528, stack(0x0000000027f70000,0x0000000028070000)]
  0x00000000191d3800 JavaThread "jar transforms Thread 107" [_thread_blocked, id=15348, stack(0x0000000027e70000,0x0000000027f70000)]
  0x00000000191d2000 JavaThread "jar transforms Thread 106" [_thread_blocked, id=3356, stack(0x0000000027d70000,0x0000000027e70000)]
  0x00000000191d1000 JavaThread "jar transforms Thread 105" [_thread_blocked, id=7600, stack(0x0000000027c70000,0x0000000027d70000)]
  0x00000000191d2800 JavaThread "jar transforms Thread 104" [_thread_blocked, id=4240, stack(0x0000000027b70000,0x0000000027c70000)]
  0x00000000191d0800 JavaThread "jar transforms Thread 103" [_thread_blocked, id=12124, stack(0x0000000027a70000,0x0000000027b70000)]
  0x00000000191cf800 JavaThread "jar transforms Thread 102" [_thread_blocked, id=14616, stack(0x0000000027970000,0x0000000027a70000)]
  0x00000000191cf000 JavaThread "jar transforms Thread 101" [_thread_blocked, id=15284, stack(0x0000000027870000,0x0000000027970000)]
  0x00000000191c7800 JavaThread "jar transforms Thread 100" [_thread_blocked, id=3660, stack(0x0000000027770000,0x0000000027870000)]
  0x00000000191ce000 JavaThread "jar transforms Thread 99" [_thread_blocked, id=9632, stack(0x0000000027670000,0x0000000027770000)]
  0x00000000191c6800 JavaThread "jar transforms Thread 98" [_thread_blocked, id=5956, stack(0x0000000027570000,0x0000000027670000)]
  0x00000000191cd800 JavaThread "jar transforms Thread 97" [_thread_blocked, id=18472, stack(0x0000000027470000,0x0000000027570000)]
  0x00000000191cc800 JavaThread "jar transforms Thread 96" [_thread_blocked, id=8276, stack(0x0000000027370000,0x0000000027470000)]
  0x00000000191cc000 JavaThread "jar transforms Thread 95" [_thread_blocked, id=19980, stack(0x0000000027270000,0x0000000027370000)]
  0x00000000191c4800 JavaThread "jar transforms Thread 94" [_thread_blocked, id=10176, stack(0x0000000027170000,0x0000000027270000)]
  0x00000000191c6000 JavaThread "jar transforms Thread 93" [_thread_blocked, id=14404, stack(0x0000000027070000,0x0000000027170000)]
  0x00000000191c5000 JavaThread "jar transforms Thread 92" [_thread_blocked, id=16016, stack(0x0000000026f70000,0x0000000027070000)]
  0x00000000191cb000 JavaThread "jar transforms Thread 91" [_thread_blocked, id=16972, stack(0x0000000026e70000,0x0000000026f70000)]
  0x00000000191c8000 JavaThread "jar transforms Thread 90" [_thread_blocked, id=15400, stack(0x0000000026d70000,0x0000000026e70000)]
  0x00000000191ca800 JavaThread "jar transforms Thread 89" [_thread_blocked, id=8956, stack(0x0000000026c70000,0x0000000026d70000)]
  0x00000000191c9000 JavaThread "jar transforms Thread 88" [_thread_blocked, id=19872, stack(0x0000000026b70000,0x0000000026c70000)]
  0x00000000191c9800 JavaThread "jar transforms Thread 87" [_thread_blocked, id=15880, stack(0x0000000026a70000,0x0000000026b70000)]
  0x00000000193c3800 JavaThread "jar transforms Thread 86" [_thread_blocked, id=20704, stack(0x0000000026970000,0x0000000026a70000)]
  0x00000000193c3000 JavaThread "jar transforms Thread 85" [_thread_blocked, id=12708, stack(0x0000000026870000,0x0000000026970000)]
  0x00000000193c2000 JavaThread "jar transforms Thread 84" [_thread_blocked, id=16132, stack(0x0000000026770000,0x0000000026870000)]
  0x00000000193c0800 JavaThread "jar transforms Thread 83" [_thread_blocked, id=6916, stack(0x0000000026570000,0x0000000026670000)]
  0x00000000193c1800 JavaThread "jar transforms Thread 82" [_thread_blocked, id=10092, stack(0x0000000026470000,0x0000000026570000)]
  0x00000000193b9000 JavaThread "jar transforms Thread 81" [_thread_blocked, id=9316, stack(0x0000000026370000,0x0000000026470000)]
  0x00000000193c0000 JavaThread "jar transforms Thread 80" [_thread_blocked, id=19628, stack(0x0000000026270000,0x0000000026370000)]
  0x00000000193bf000 JavaThread "jar transforms Thread 79" [_thread_blocked, id=16892, stack(0x0000000026170000,0x0000000026270000)]
  0x00000000193b7800 JavaThread "jar transforms Thread 78" [_thread_blocked, id=21016, stack(0x0000000026070000,0x0000000026170000)]
  0x00000000193be800 JavaThread "jar transforms Thread 77" [_thread_blocked, id=21112, stack(0x0000000025f70000,0x0000000026070000)]
  0x00000000193bd800 JavaThread "jar transforms Thread 76" [_thread_blocked, id=10008, stack(0x0000000025e70000,0x0000000025f70000)]
  0x00000000193bc800 JavaThread "jar transforms Thread 75" [_thread_blocked, id=17460, stack(0x0000000025d70000,0x0000000025e70000)]
  0x00000000193bc000 JavaThread "jar transforms Thread 74" [_thread_blocked, id=9540, stack(0x0000000025c70000,0x0000000025d70000)]
  0x00000000193ba800 JavaThread "jar transforms Thread 73" [_thread_blocked, id=16060, stack(0x0000000025b70000,0x0000000025c70000)]
  0x00000000193b4800 JavaThread "jar transforms Thread 72" [_thread_blocked, id=19656, stack(0x0000000025a70000,0x0000000025b70000)]
  0x00000000193b6800 JavaThread "jar transforms Thread 71" [_thread_blocked, id=12024, stack(0x0000000025970000,0x0000000025a70000)]
  0x00000000193b8000 JavaThread "jar transforms Thread 70" [_thread_blocked, id=912, stack(0x0000000025870000,0x0000000025970000)]
  0x00000000193bb000 JavaThread "jar transforms Thread 69" [_thread_blocked, id=12284, stack(0x0000000025770000,0x0000000025870000)]
  0x00000000193b5000 JavaThread "jar transforms Thread 68" [_thread_blocked, id=14900, stack(0x0000000025670000,0x0000000025770000)]
  0x00000000193b9800 JavaThread "jar transforms Thread 67" [_thread_blocked, id=16928, stack(0x0000000025570000,0x0000000025670000)]
  0x00000000193b6000 JavaThread "jar transforms Thread 66" [_thread_blocked, id=17492, stack(0x0000000025470000,0x0000000025570000)]
  0x0000000018f18800 JavaThread "jar transforms Thread 65" [_thread_blocked, id=14456, stack(0x0000000025370000,0x0000000025470000)]
  0x0000000018f17000 JavaThread "jar transforms Thread 64" [_thread_blocked, id=12920, stack(0x0000000025270000,0x0000000025370000)]
  0x0000000018f13800 JavaThread "jar transforms Thread 63" [_thread_blocked, id=19556, stack(0x0000000025170000,0x0000000025270000)]
  0x0000000018f16800 JavaThread "jar transforms Thread 62" [_thread_blocked, id=10660, stack(0x0000000025070000,0x0000000025170000)]
  0x0000000018f15800 JavaThread "jar transforms Thread 61" [_thread_blocked, id=8408, stack(0x0000000024f70000,0x0000000025070000)]
  0x0000000018f19800 JavaThread "jar transforms Thread 60" [_thread_blocked, id=19020, stack(0x0000000024e70000,0x0000000024f70000)]
  0x0000000018f14000 JavaThread "jar transforms Thread 59" [_thread_blocked, id=20212, stack(0x0000000024d70000,0x0000000024e70000)]
  0x0000000018f15000 JavaThread "jar transforms Thread 58" [_thread_blocked, id=3896, stack(0x0000000024c70000,0x0000000024d70000)]
  0x0000000018f18000 JavaThread "jar transforms Thread 57" [_thread_blocked, id=20516, stack(0x0000000024b70000,0x0000000024c70000)]
  0x0000000018f0c000 JavaThread "jar transforms Thread 56" [_thread_blocked, id=8628, stack(0x0000000024a70000,0x0000000024b70000)]
  0x0000000018f0f000 JavaThread "jar transforms Thread 55" [_thread_blocked, id=17356, stack(0x0000000024970000,0x0000000024a70000)]
  0x0000000018f12800 JavaThread "jar transforms Thread 54" [_thread_blocked, id=9960, stack(0x0000000024870000,0x0000000024970000)]
  0x0000000018f11000 JavaThread "jar transforms Thread 53" [_thread_blocked, id=13376, stack(0x0000000024770000,0x0000000024870000)]
  0x0000000018f0d800 JavaThread "jar transforms Thread 52" [_thread_blocked, id=7692, stack(0x0000000024670000,0x0000000024770000)]
  0x0000000018f12000 JavaThread "jar transforms Thread 51" [_thread_blocked, id=18284, stack(0x0000000024570000,0x0000000024670000)]
  0x0000000018f0c800 JavaThread "jar transforms Thread 50" [_thread_blocked, id=16340, stack(0x0000000024470000,0x0000000024570000)]
  0x0000000018f10800 JavaThread "jar transforms Thread 49" [_thread_blocked, id=19700, stack(0x0000000024370000,0x0000000024470000)]
  0x0000000018f0f800 JavaThread "jar transforms Thread 48" [_thread_blocked, id=19780, stack(0x0000000024270000,0x0000000024370000)]
  0x0000000018f0b000 JavaThread "jar transforms Thread 47" [_thread_blocked, id=10820, stack(0x0000000024170000,0x0000000024270000)]
  0x0000000018f0a800 JavaThread "jar transforms Thread 46" [_thread_blocked, id=20120, stack(0x0000000024070000,0x0000000024170000)]
  0x0000000018f0e000 JavaThread "jar transforms Thread 45" [_thread_blocked, id=3592, stack(0x0000000023f70000,0x0000000024070000)]
  0x0000000018a97800 JavaThread "jar transforms Thread 44" [_thread_blocked, id=5608, stack(0x0000000023e70000,0x0000000023f70000)]
  0x0000000018a96800 JavaThread "jar transforms Thread 43" [_thread_blocked, id=16408, stack(0x0000000023d70000,0x0000000023e70000)]
  0x0000000018a94800 JavaThread "jar transforms Thread 42" [_thread_blocked, id=20548, stack(0x0000000023c70000,0x0000000023d70000)]
  0x0000000018a96000 JavaThread "jar transforms Thread 41" [_thread_blocked, id=9204, stack(0x0000000023b70000,0x0000000023c70000)]
  0x0000000018a93000 JavaThread "jar transforms Thread 40" [_thread_blocked, id=10696, stack(0x0000000023a70000,0x0000000023b70000)]
  0x0000000018a92000 JavaThread "jar transforms Thread 39" [_thread_blocked, id=10500, stack(0x0000000023970000,0x0000000023a70000)]
  0x0000000018a91800 JavaThread "jar transforms Thread 38" [_thread_blocked, id=18656, stack(0x0000000023870000,0x0000000023970000)]
  0x0000000018a95000 JavaThread "jar transforms Thread 37" [_thread_blocked, id=2484, stack(0x0000000023770000,0x0000000023870000)]
  0x0000000018a93800 JavaThread "jar transforms Thread 36" [_thread_blocked, id=124, stack(0x0000000023670000,0x0000000023770000)]
  0x0000000018a90000 JavaThread "jar transforms Thread 35" [_thread_blocked, id=3000, stack(0x0000000023570000,0x0000000023670000)]
  0x0000000018a90800 JavaThread "jar transforms Thread 34" [_thread_blocked, id=17572, stack(0x0000000023470000,0x0000000023570000)]
  0x0000000018a88800 JavaThread "jar transforms Thread 33" [_thread_blocked, id=4420, stack(0x0000000023370000,0x0000000023470000)]
  0x0000000018a8a000 JavaThread "jar transforms Thread 32" [_thread_blocked, id=10236, stack(0x0000000023270000,0x0000000023370000)]
  0x0000000018a8e800 JavaThread "jar transforms Thread 31" [_thread_blocked, id=10700, stack(0x0000000023170000,0x0000000023270000)]
  0x0000000018a8d800 JavaThread "jar transforms Thread 30" [_thread_blocked, id=16492, stack(0x0000000023070000,0x0000000023170000)]
  0x0000000018a8f000 JavaThread "jar transforms Thread 29" [_thread_blocked, id=16484, stack(0x0000000022f70000,0x0000000023070000)]
  0x0000000018a8d000 JavaThread "jar transforms Thread 28" [_thread_blocked, id=2796, stack(0x0000000022e70000,0x0000000022f70000)]
  0x0000000018a89000 JavaThread "jar transforms Thread 27" [_thread_blocked, id=17420, stack(0x0000000022d70000,0x0000000022e70000)]
  0x0000000018a8c000 JavaThread "jar transforms Thread 26" [_thread_blocked, id=15368, stack(0x0000000022c70000,0x0000000022d70000)]
  0x0000000018a8a800 JavaThread "jar transforms Thread 25" [_thread_blocked, id=17560, stack(0x0000000022b70000,0x0000000022c70000)]
  0x0000000018a8b800 JavaThread "jar transforms Thread 24" [_thread_blocked, id=20764, stack(0x0000000022a70000,0x0000000022b70000)]
  0x0000000019305000 JavaThread "jar transforms Thread 23" [_thread_blocked, id=18492, stack(0x0000000022970000,0x0000000022a70000)]
  0x0000000019304000 JavaThread "jar transforms Thread 22" [_thread_blocked, id=20892, stack(0x0000000022870000,0x0000000022970000)]
  0x0000000019303800 JavaThread "jar transforms Thread 21" [_thread_blocked, id=3260, stack(0x0000000022770000,0x0000000022870000)]
  0x0000000019302800 JavaThread "jar transforms Thread 20" [_thread_blocked, id=10512, stack(0x0000000022670000,0x0000000022770000)]
  0x0000000019302000 JavaThread "jar transforms Thread 19" [_thread_blocked, id=17052, stack(0x0000000022570000,0x0000000022670000)]
  0x0000000019301000 JavaThread "jar transforms Thread 18" [_thread_blocked, id=18560, stack(0x0000000022470000,0x0000000022570000)]
  0x00000000192f9800 JavaThread "jar transforms Thread 17" [_thread_blocked, id=11532, stack(0x0000000022370000,0x0000000022470000)]
  0x0000000019300800 JavaThread "jar transforms Thread 16" [_thread_blocked, id=3480, stack(0x0000000022270000,0x0000000022370000)]
  0x00000000192f9000 JavaThread "jar transforms Thread 15" [_thread_blocked, id=14640, stack(0x0000000022170000,0x0000000022270000)]
  0x00000000192ff800 JavaThread "jar transforms Thread 14" [_thread_blocked, id=17232, stack(0x0000000022070000,0x0000000022170000)]
  0x00000000192f8000 JavaThread "jar transforms Thread 13" [_thread_blocked, id=17628, stack(0x0000000021f70000,0x0000000022070000)]
  0x00000000192ff000 JavaThread "jar transforms Thread 12" [_thread_blocked, id=10788, stack(0x0000000021e70000,0x0000000021f70000)]
  0x00000000192f7800 JavaThread "jar transforms Thread 11" [_thread_blocked, id=19424, stack(0x0000000021d70000,0x0000000021e70000)]
  0x00000000192fe000 JavaThread "jar transforms Thread 10" [_thread_blocked, id=20840, stack(0x0000000021c70000,0x0000000021d70000)]
  0x00000000192fd800 JavaThread "jar transforms Thread 9" [_thread_blocked, id=13172, stack(0x0000000021b70000,0x0000000021c70000)]
  0x00000000192f6800 JavaThread "jar transforms Thread 8" [_thread_blocked, id=20168, stack(0x0000000021a70000,0x0000000021b70000)]
  0x00000000192f6000 JavaThread "jar transforms Thread 7" [_thread_blocked, id=13768, stack(0x0000000021970000,0x0000000021a70000)]
  0x00000000192fc800 JavaThread "jar transforms Thread 6" [_thread_blocked, id=14348, stack(0x0000000021870000,0x0000000021970000)]
  0x00000000192fa800 JavaThread "jar transforms Thread 5" [_thread_blocked, id=10980, stack(0x0000000021770000,0x0000000021870000)]
  0x00000000192fc000 JavaThread "jar transforms Thread 4" [_thread_blocked, id=18440, stack(0x0000000021670000,0x0000000021770000)]
  0x00000000192fb000 JavaThread "jar transforms Thread 3" [_thread_blocked, id=19032, stack(0x0000000021570000,0x0000000021670000)]
  0x0000000018eaa800 JavaThread "jar transforms Thread 2" [_thread_blocked, id=13432, stack(0x0000000021470000,0x0000000021570000)]
  0x0000000018ea9800 JavaThread "Build operations Thread 4" [_thread_blocked, id=4448, stack(0x0000000021370000,0x0000000021470000)]
  0x0000000018ea9000 JavaThread "Build operations Thread 3" [_thread_blocked, id=14388, stack(0x0000000021270000,0x0000000021370000)]
  0x0000000018ea8000 JavaThread "Build operations Thread 2" [_thread_blocked, id=21256, stack(0x0000000021170000,0x0000000021270000)]
  0x0000000018ea7800 JavaThread "Build operations" [_thread_blocked, id=15640, stack(0x0000000021070000,0x0000000021170000)]
  0x0000000018ea6800 JavaThread "Cache worker for Build Output Cleanup Cache (C:\FlutterProjects\emkapp\android\.gradle\buildOutputCleanup)" [_thread_blocked, id=15064, stack(0x0000000020d70000,0x0000000020e70000)]
  0x0000000019054000 JavaThread "Cache worker for file content cache (C:\Users\vandy\.gradle\caches\6.7\fileContent)" [_thread_blocked, id=20924, stack(0x0000000020670000,0x0000000020770000)]
  0x0000000019053000 JavaThread "jar transforms" [_thread_blocked, id=13388, stack(0x0000000020570000,0x0000000020670000)]
  0x0000000019052800 JavaThread "Cache worker for execution history cache (C:\Users\vandy\.gradle\caches\6.7\executionHistory)" [_thread_blocked, id=20320, stack(0x000000001de70000,0x000000001df70000)]
  0x0000000019051800 JavaThread "Cache worker for cache directory md-rule (C:\Users\vandy\.gradle\caches\6.7\md-rule)" [_thread_blocked, id=10516, stack(0x000000001dd70000,0x000000001de70000)]
  0x0000000019055800 JavaThread "Cache worker for cache directory md-supplier (C:\Users\vandy\.gradle\caches\6.7\md-supplier)" [_thread_blocked, id=19436, stack(0x000000001dc70000,0x000000001dd70000)]
  0x0000000019050000 JavaThread "Cache worker for checksums cache (C:\FlutterProjects\emkapp\android\.gradle\checksums)" [_thread_blocked, id=2124, stack(0x000000001d970000,0x000000001da70000)]
  0x0000000019054800 JavaThread "Cache worker for file hash cache (C:\FlutterProjects\emkapp\android\.gradle\6.7\fileHashes)" [_thread_blocked, id=16988, stack(0x000000001d870000,0x000000001d970000)]
  0x0000000019051000 JavaThread "Cache worker for journal cache (C:\Users\vandy\.gradle\caches\journal-1)" [_thread_blocked, id=20552, stack(0x000000001d370000,0x000000001d470000)]
  0x000000001904f800 JavaThread "File lock request listener" [_thread_in_native, id=2096, stack(0x000000001c2a0000,0x000000001c3a0000)]
  0x00000000187ce800 JavaThread "Cache worker for file hash cache (C:\Users\vandy\.gradle\caches\6.7\fileHashes)" [_thread_blocked, id=13200, stack(0x000000001c0a0000,0x000000001c1a0000)]
  0x00000000191f7800 JavaThread "Thread-9" [_thread_blocked, id=2424, stack(0x000000001add0000,0x000000001aed0000)]
  0x00000000191f4800 JavaThread "Stdin handler" [_thread_blocked, id=6052, stack(0x000000001acd0000,0x000000001add0000)]
  0x00000000191f4000 JavaThread "Asynchronous log dispatcher for DefaultDaemonConnection: socket connection from /127.0.0.1:12348 to /127.0.0.1:12349" [_thread_blocked, id=19596, stack(0x000000001abd0000,0x000000001acd0000)]
  0x0000000017e2e800 JavaThread "Daemon worker" [_thread_in_vm, id=1948, stack(0x000000001aad0000,0x000000001abd0000)]
  0x0000000017e2e000 JavaThread "Cancel handler" [_thread_blocked, id=14656, stack(0x000000001a9d0000,0x000000001aad0000)]
  0x0000000018c1b000 JavaThread "Handler for socket connection from /127.0.0.1:12348 to /127.0.0.1:12349" [_thread_in_native, id=21276, stack(0x000000001a8d0000,0x000000001a9d0000)]
  0x0000000018d8c000 JavaThread "Daemon" [_thread_blocked, id=3476, stack(0x000000001a5d0000,0x000000001a6d0000)]
  0x0000000018d13000 JavaThread "Daemon periodic checks" [_thread_blocked, id=18984, stack(0x000000001a4d0000,0x000000001a5d0000)]
  0x0000000018e24000 JavaThread "Incoming local TCP Connector on port 12348" [_thread_in_native, id=6256, stack(0x000000001a290000,0x000000001a390000)]
  0x0000000018dc5000 JavaThread "Daemon health stats" [_thread_blocked, id=20144, stack(0x0000000019a50000,0x0000000019b50000)]
  0x0000000017cb2800 JavaThread "Service Thread" daemon [_thread_blocked, id=12336, stack(0x0000000018080000,0x0000000018180000)]
  0x000000001633d800 JavaThread "C1 CompilerThread2" daemon [_thread_in_native, id=13872, stack(0x0000000017b80000,0x0000000017c80000)]
  0x0000000016338000 JavaThread "C2 CompilerThread1" daemon [_thread_in_native, id=688, stack(0x0000000017a80000,0x0000000017b80000)]
=>0x0000000016326800 JavaThread "C2 CompilerThread0" daemon [_thread_in_native, id=19564, stack(0x0000000017980000,0x0000000017a80000)]
  0x0000000016324800 JavaThread "Attach Listener" daemon [_thread_blocked, id=16328, stack(0x0000000017880000,0x0000000017980000)]
  0x000000001632b800 JavaThread "Signal Dispatcher" daemon [_thread_blocked, id=7192, stack(0x0000000017780000,0x0000000017880000)]
  0x00000000029ad800 JavaThread "Finalizer" daemon [_thread_blocked, id=2616, stack(0x0000000017580000,0x0000000017680000)]
  0x0000000016309000 JavaThread "Reference Handler" daemon [_thread_blocked, id=14800, stack(0x0000000017480000,0x0000000017580000)]
  0x00000000028b2800 JavaThread "main" [_thread_blocked, id=8656, stack(0x0000000002720000,0x0000000002820000)]

Other Threads:
  0x00000000162e7800 VMThread [stack: 0x0000000017380000,0x0000000017480000] [id=13068]
  0x0000000017cb3000 WatcherThread [stack: 0x0000000018180000,0x0000000018280000] [id=9712]

VM state:synchronizing (normal execution)

VM Mutex/Monitor currently owned by a thread:  ([mutex/lock_event])
[0x00000000028ada00] Threads_lock - owner thread: 0x00000000162e7800

heap address: 0x00000000a0000000, size: 1536 MB, Compressed Oops mode: 32-bit
Narrow klass base: 0x0000000000000000, Narrow klass shift: 3
Compressed class space size: 1073741824 Address: 0x0000000100000000

Heap:
 PSYoungGen      total 49664K, used 41550K [0x00000000e0000000, 0x00000000e4180000, 0x0000000100000000)
  eden space 39424K, 82% used [0x00000000e0000000,0x00000000e1ff0978,0x00000000e2680000)
  from space 10240K, 86% used [0x00000000e2680000,0x00000000e2f22f00,0x00000000e3080000)
  to   space 11264K, 0% used [0x00000000e3680000,0x00000000e3680000,0x00000000e4180000)
 ParOldGen       total 52224K, used 15815K [0x00000000a0000000, 0x00000000a3300000, 0x00000000e0000000)
  object space 52224K, 30% used [0x00000000a0000000,0x00000000a0f71f38,0x00000000a3300000)
 Metaspace       used 48250K, capacity 50272K, committed 50432K, reserved 1093632K
  class space    used 6499K, capacity 6864K, committed 6912K, reserved 1048576K

Card table byte_map: [0x0000000011d70000,0x0000000012080000] byte_map_base: 0x0000000011870000

Marking Bits: (ParMarkBitMap*) 0x0000000058d6f030
 Begin Bits: [0x0000000012680000, 0x0000000013e80000)
 End Bits:   [0x0000000013e80000, 0x0000000015680000)

Polling page: 0x0000000000e90000

CodeCache: size=245760Kb used=14083Kb max_used=14083Kb free=231676Kb
 bounds [0x00000000029b0000, 0x0000000003780000, 0x00000000119b0000]
 total_blobs=4940 nmethods=4177 adapters=675
 compilation: enabled

Compilation events (10 events):
Event: 75.373 Thread 0x000000001633d800 nmethod 4595 0x000000000376fbd0 code [0x000000000376fd20, 0x000000000376fe30]
Event: 75.374 Thread 0x000000001633d800 4596       3       java.lang.reflect.Field::getFieldAccessor (35 bytes)
Event: 75.375 Thread 0x000000001633d800 nmethod 4596 0x0000000003775a50 code [0x0000000003775bc0, 0x0000000003775e08]
Event: 75.375 Thread 0x000000001633d800 4597       3       com.google.gson.stream.JsonReader::nextNonWhitespace (357 bytes)
Event: 75.382 Thread 0x000000001633d800 nmethod 4597 0x0000000003778a50 code [0x0000000003778ee0, 0x000000000377b828]
Event: 75.382 Thread 0x000000001633d800 4598       3       com.google.gson.stream.JsonReader::nextQuotedValue (271 bytes)
Event: 75.388 Thread 0x000000001633d800 nmethod 4598 0x0000000003772610 code [0x0000000003772980, 0x0000000003774718]
Event: 75.388 Thread 0x000000001633d800 4599       3       com.google.gson.stream.JsonReader::doPeek (744 bytes)
Event: 75.390 Thread 0x0000000016338000 4604       4       com.google.gson.stream.JsonReader::nextQuotedValue (271 bytes)
Event: 75.395 Thread 0x0000000016326800 4611       4       com.google.gson.stream.JsonReader::nextNonWhitespace (357 bytes)

GC Heap History (10 events):
Event: 40.916 GC heap before
{Heap before GC invocations=25 (full 2):
 PSYoungGen      total 39936K, used 29696K [0x00000000e0000000, 0x00000000e3280000, 0x0000000100000000)
  eden space 29696K, 100% used [0x00000000e0000000,0x00000000e1d00000,0x00000000e1d00000)
  from space 10240K, 0% used [0x00000000e2700000,0x00000000e2700000,0x00000000e3100000)
  to   space 10240K, 0% used [0x00000000e1d00000,0x00000000e1d00000,0x00000000e2700000)
 ParOldGen       total 52224K, used 15775K [0x00000000a0000000, 0x00000000a3300000, 0x00000000e0000000)
  object space 52224K, 30% used [0x00000000a0000000,0x00000000a0f67f38,0x00000000a3300000)
 Metaspace       used 35874K, capacity 37084K, committed 37248K, reserved 1081344K
  class space    used 4925K, capacity 5231K, committed 5248K, reserved 1048576K
Event: 40.919 GC heap after
Heap after GC invocations=25 (full 2):
 PSYoungGen      total 39936K, used 2254K [0x00000000e0000000, 0x00000000e3800000, 0x0000000100000000)
  eden space 29696K, 0% used [0x00000000e0000000,0x00000000e0000000,0x00000000e1d00000)
  from space 10240K, 22% used [0x00000000e1d00000,0x00000000e1f339b0,0x00000000e2700000)
  to   space 10240K, 0% used [0x00000000e2e00000,0x00000000e2e00000,0x00000000e3800000)
 ParOldGen       total 52224K, used 15783K [0x00000000a0000000, 0x00000000a3300000, 0x00000000e0000000)
  object space 52224K, 30% used [0x00000000a0000000,0x00000000a0f69f38,0x00000000a3300000)
 Metaspace       used 35874K, capacity 37084K, committed 37248K, reserved 1081344K
  class space    used 4925K, capacity 5231K, committed 5248K, reserved 1048576K
}
Event: 49.957 GC heap before
{Heap before GC invocations=26 (full 2):
 PSYoungGen      total 39936K, used 31950K [0x00000000e0000000, 0x00000000e3800000, 0x0000000100000000)
  eden space 29696K, 100% used [0x00000000e0000000,0x00000000e1d00000,0x00000000e1d00000)
  from space 10240K, 22% used [0x00000000e1d00000,0x00000000e1f339b0,0x00000000e2700000)
  to   space 10240K, 0% used [0x00000000e2e00000,0x00000000e2e00000,0x00000000e3800000)
 ParOldGen       total 52224K, used 15783K [0x00000000a0000000, 0x00000000a3300000, 0x00000000e0000000)
  object space 52224K, 30% used [0x00000000a0000000,0x00000000a0f69f38,0x00000000a3300000)
 Metaspace       used 37161K, capacity 38656K, committed 38784K, reserved 1083392K
  class space    used 5091K, capacity 5395K, committed 5504K, reserved 1048576K
Event: 49.964 GC heap after
Heap after GC invocations=26 (full 2):
 PSYoungGen      total 44032K, used 2885K [0x00000000e0000000, 0x00000000e3600000, 0x0000000100000000)
  eden space 35840K, 0% used [0x00000000e0000000,0x00000000e0000000,0x00000000e2300000)
  from space 8192K, 35% used [0x00000000e2e00000,0x00000000e30d15a0,0x00000000e3600000)
  to   space 9728K, 0% used [0x00000000e2300000,0x00000000e2300000,0x00000000e2c80000)
 ParOldGen       total 52224K, used 15791K [0x00000000a0000000, 0x00000000a3300000, 0x00000000e0000000)
  object space 52224K, 30% used [0x00000000a0000000,0x00000000a0f6bf38,0x00000000a3300000)
 Metaspace       used 37161K, capacity 38656K, committed 38784K, reserved 1083392K
  class space    used 5091K, capacity 5395K, committed 5504K, reserved 1048576K
}
Event: 57.769 GC heap before
{Heap before GC invocations=27 (full 2):
 PSYoungGen      total 44032K, used 38725K [0x00000000e0000000, 0x00000000e3600000, 0x0000000100000000)
  eden space 35840K, 100% used [0x00000000e0000000,0x00000000e2300000,0x00000000e2300000)
  from space 8192K, 35% used [0x00000000e2e00000,0x00000000e30d15a0,0x00000000e3600000)
  to   space 9728K, 0% used [0x00000000e2300000,0x00000000e2300000,0x00000000e2c80000)
 ParOldGen       total 52224K, used 15791K [0x00000000a0000000, 0x00000000a3300000, 0x00000000e0000000)
  object space 52224K, 30% used [0x00000000a0000000,0x00000000a0f6bf38,0x00000000a3300000)
 Metaspace       used 38217K, capacity 39950K, committed 40192K, reserved 1083392K
  class space    used 5233K, capacity 5608K, committed 5632K, reserved 1048576K
Event: 57.780 GC heap after
Heap after GC invocations=27 (full 2):
 PSYoungGen      total 45568K, used 4270K [0x00000000e0000000, 0x00000000e3980000, 0x0000000100000000)
  eden space 35840K, 0% used [0x00000000e0000000,0x00000000e0000000,0x00000000e2300000)
  from space 9728K, 43% used [0x00000000e2300000,0x00000000e272bbe8,0x00000000e2c80000)
  to   space 9216K, 0% used [0x00000000e3080000,0x00000000e3080000,0x00000000e3980000)
 ParOldGen       total 52224K, used 15799K [0x00000000a0000000, 0x00000000a3300000, 0x00000000e0000000)
  object space 52224K, 30% used [0x00000000a0000000,0x00000000a0f6df38,0x00000000a3300000)
 Metaspace       used 38217K, capacity 39950K, committed 40192K, reserved 1083392K
  class space    used 5233K, capacity 5608K, committed 5632K, reserved 1048576K
}
Event: 63.109 GC heap before
{Heap before GC invocations=28 (full 2):
 PSYoungGen      total 45568K, used 40110K [0x00000000e0000000, 0x00000000e3980000, 0x0000000100000000)
  eden space 35840K, 100% used [0x00000000e0000000,0x00000000e2300000,0x00000000e2300000)
  from space 9728K, 43% used [0x00000000e2300000,0x00000000e272bbe8,0x00000000e2c80000)
  to   space 9216K, 0% used [0x00000000e3080000,0x00000000e3080000,0x00000000e3980000)
 ParOldGen       total 52224K, used 15799K [0x00000000a0000000, 0x00000000a3300000, 0x00000000e0000000)
  object space 52224K, 30% used [0x00000000a0000000,0x00000000a0f6df38,0x00000000a3300000)
 Metaspace       used 42727K, capacity 44562K, committed 44928K, reserved 1087488K
  class space    used 5788K, capacity 6156K, committed 6272K, reserved 1048576K
Event: 63.131 GC heap after
Heap after GC invocations=28 (full 2):
 PSYoungGen      total 48640K, used 7723K [0x00000000e0000000, 0x00000000e3b80000, 0x0000000100000000)
  eden space 39424K, 0% used [0x00000000e0000000,0x00000000e0000000,0x00000000e2680000)
  from space 9216K, 83% used [0x00000000e3080000,0x00000000e380ae98,0x00000000e3980000)
  to   space 10240K, 0% used [0x00000000e2680000,0x00000000e2680000,0x00000000e3080000)
 ParOldGen       total 52224K, used 15807K [0x00000000a0000000, 0x00000000a3300000, 0x00000000e0000000)
  object space 52224K, 30% used [0x00000000a0000000,0x00000000a0f6ff38,0x00000000a3300000)
 Metaspace       used 42727K, capacity 44562K, committed 44928K, reserved 1087488K
  class space    used 5788K, capacity 6156K, committed 6272K, reserved 1048576K
}
Event: 66.208 GC heap before
{Heap before GC invocations=29 (full 2):
 PSYoungGen      total 48640K, used 47147K [0x00000000e0000000, 0x00000000e3b80000, 0x0000000100000000)
  eden space 39424K, 100% used [0x00000000e0000000,0x00000000e2680000,0x00000000e2680000)
  from space 9216K, 83% used [0x00000000e3080000,0x00000000e380ae98,0x00000000e3980000)
  to   space 10240K, 0% used [0x00000000e2680000,0x00000000e2680000,0x00000000e3080000)
 ParOldGen       total 52224K, used 15807K [0x00000000a0000000, 0x00000000a3300000, 0x00000000e0000000)
  object space 52224K, 30% used [0x00000000a0000000,0x00000000a0f6ff38,0x00000000a3300000)
 Metaspace       used 45635K, capacity 47478K, committed 47616K, reserved 1089536K
  class space    used 6171K, capacity 6551K, committed 6656K, reserved 1048576K
Event: 66.231 GC heap after
Heap after GC invocations=29 (full 2):
 PSYoungGen      total 49664K, used 8843K [0x00000000e0000000, 0x00000000e4180000, 0x0000000100000000)
  eden space 39424K, 0% used [0x00000000e0000000,0x00000000e0000000,0x00000000e2680000)
  from space 10240K, 86% used [0x00000000e2680000,0x00000000e2f22f00,0x00000000e3080000)
  to   space 11264K, 0% used [0x00000000e3680000,0x00000000e3680000,0x00000000e4180000)
 ParOldGen       total 52224K, used 15815K [0x00000000a0000000, 0x00000000a3300000, 0x00000000e0000000)
  object space 52224K, 30% used [0x00000000a0000000,0x00000000a0f71f38,0x00000000a3300000)
 Metaspace       used 45635K, capacity 47478K, committed 47616K, reserved 1089536K
  class space    used 6171K, capacity 6551K, committed 6656K, reserved 1048576K
}

Deoptimization events (10 events):
Event: 61.909 Thread 0x0000000017e2e800 Uncommon trap: reason=unstable_if action=reinterpret pc=0x0000000002fa0e28 method=org.objectweb.asm.ByteVector.putUTF8(Ljava/lang/String;)Lorg/objectweb/asm/ByteVector; @ 93
Event: 62.245 Thread 0x0000000017e2e800 Uncommon trap: reason=predicate action=maybe_recompile pc=0x0000000003228610 method=java.util.Arrays.binarySearch0([Ljava/lang/Object;IILjava/lang/Object;Ljava/util/Comparator;)I @ 28
Event: 64.993 Thread 0x0000000017e2e800 Uncommon trap: reason=unstable_if action=reinterpret pc=0x0000000002ca031c method=sun.misc.MetaIndex.mayContain(Ljava/lang/String;)Z @ 38
Event: 65.003 Thread 0x0000000017e2e800 Uncommon trap: reason=unstable_if action=reinterpret pc=0x00000000033d7088 method=java.security.CodeSource.hashCode()I @ 4
Event: 65.003 Thread 0x0000000017e2e800 Uncommon trap: reason=unstable_if action=reinterpret pc=0x0000000002c4f94c method=java.security.CodeSource.hashCode()I @ 4
Event: 65.507 Thread 0x0000000017e2e800 Uncommon trap: reason=unstable_if action=reinterpret pc=0x00000000036bc770 method=java.util.jar.JarFile.maybeInstantiateVerifier()V @ 48
Event: 65.547 Thread 0x0000000017e2e800 Uncommon trap: reason=unstable_if action=reinterpret pc=0x0000000003649d8c method=java.lang.ThreadLocal.get()Ljava/lang/Object; @ 11
Event: 66.039 Thread 0x0000000017e2e800 Uncommon trap: reason=unstable_if action=reinterpret pc=0x0000000002e8d2fc method=java.util.jar.JarFile.maybeInstantiateVerifier()V @ 48
Event: 66.093 Thread 0x0000000017e2e800 Uncommon trap: reason=unstable_if action=reinterpret pc=0x000000000361623c method=java.util.LinkedHashMap.get(Ljava/lang/Object;)Ljava/lang/Object; @ 20
Event: 67.692 Thread 0x0000000017e2e800 Uncommon trap: reason=unstable_if action=reinterpret pc=0x00000000033af3f0 method=org.gradle.internal.reflect.PropertyAccessorType.of(Ljava/lang/reflect/Method;)Lorg/gradle/internal/reflect/PropertyAccessorType; @ 56

Classes redefined (0 events):
No events

Internal exceptions (10 events):
Event: 55.663 Thread 0x0000000017e2e800 Exception <a 'java/security/PrivilegedActionException'> (0x00000000e1afa458) thrown at [C:\src\AOSP-openjdk-git\hotspot\src\share\vm\prims\jvm.cpp, line 1502]
Event: 55.663 Thread 0x0000000017e2e800 Exception <a 'java/security/PrivilegedActionException'> (0x00000000e1afb790) thrown at [C:\src\AOSP-openjdk-git\hotspot\src\share\vm\prims\jvm.cpp, line 1502]
Event: 55.663 Thread 0x0000000017e2e800 Exception <a 'java/security/PrivilegedActionException'> (0x00000000e1afedb8) thrown at [C:\src\AOSP-openjdk-git\hotspot\src\share\vm\prims\jvm.cpp, line 1502]
Event: 55.663 Thread 0x0000000017e2e800 Exception <a 'java/security/PrivilegedActionException'> (0x00000000e1b000f0) thrown at [C:\src\AOSP-openjdk-git\hotspot\src\share\vm\prims\jvm.cpp, line 1502]
Event: 56.851 Thread 0x0000000017e2e800 Exception <a 'java/lang/ClassNotFoundException': build_4ab8rrea0c6gh7j83z3i8ktdbBeanInfo> (0x00000000e1b8efc8) thrown at [C:\src\AOSP-openjdk-git\hotspot\src\share\vm\classfile\systemDictionary.cpp, line 210]
Event: 56.852 Thread 0x0000000017e2e800 Exception <a 'java/lang/ClassNotFoundException': build_4ab8rrea0c6gh7j83z3i8ktdbCustomizer> (0x00000000e1ba0148) thrown at [C:\src\AOSP-openjdk-git\hotspot\src\share\vm\classfile\systemDictionary.cpp, line 210]
Event: 65.002 Thread 0x0000000017e2e800 Implicit null exception at 0x00000000033d1bcd to 0x00000000033d705d
Event: 65.003 Thread 0x0000000017e2e800 Implicit null exception at 0x0000000002c4f655 to 0x0000000002c4f93d
Event: 65.547 Thread 0x0000000017e2e800 Implicit null exception at 0x0000000003649808 to 0x0000000003649d75
Event: 70.011 Thread 0x0000000018331800 Exception <a 'java/lang/NoSuchMethodError': java.lang.Object.lambda$comparingInt$7b0bb60$1(Ljava/util/function/ToIntFunction;Ljava/lang/Object;Ljava/lang/Object;)I> (0x00000000e173c8e0) thrown at [C:\src\AOSP-openjdk-git\hotspot\src\share\vm\interpreter\l

Events (10 events):
Event: 75.365 loading class com/google/gson/internal/ConstructorConstructor$13
Event: 75.365 loading class com/google/gson/internal/ConstructorConstructor$13 done
Event: 75.366 loading class com/android/tools/build/jetifier/core/type/TypesMap
Event: 75.366 loading class com/android/tools/build/jetifier/core/type/TypesMap done
Event: 75.369 loading class com/google/gson/internal/ConstructorConstructor$11
Event: 75.369 loading class com/google/gson/internal/ConstructorConstructor$11 done
Event: 75.370 loading class com/android/tools/build/jetifier/core/proguard/ProGuardTypesMap
Event: 75.370 loading class com/android/tools/build/jetifier/core/proguard/ProGuardTypesMap done
Event: 75.405 loading class com/google/gson/internal/LinkedTreeMap
Event: 75.405 loading class com/google/gson/internal/LinkedTreeMap done


Dynamic libraries:
0x00007ff6a61c0000 - 0x00007ff6a61f1000 	C:\Program Files\Android\Android Studio\jre\bin\java.exe
0x00007ffc72940000 - 0x00007ffc72b30000 	C:\WINDOWS\SYSTEM32\ntdll.dll
0x00007ffc72800000 - 0x00007ffc728b2000 	C:\WINDOWS\System32\KERNEL32.DLL
0x00007ffc70380000 - 0x00007ffc70625000 	C:\WINDOWS\System32\KERNELBASE.dll
0x00007ffc70d70000 - 0x00007ffc70e13000 	C:\WINDOWS\System32\ADVAPI32.dll
0x00007ffc70b30000 - 0x00007ffc70bce000 	C:\WINDOWS\System32\msvcrt.dll
0x00007ffc72130000 - 0x00007ffc721c7000 	C:\WINDOWS\System32\sechost.dll
0x00007ffc70e20000 - 0x00007ffc70f40000 	C:\WINDOWS\System32\RPCRT4.dll
0x00007ffc70bd0000 - 0x00007ffc70d64000 	C:\WINDOWS\System32\USER32.dll
0x00007ffc70730000 - 0x00007ffc70751000 	C:\WINDOWS\System32\win32u.dll
0x00007ffc72100000 - 0x00007ffc72126000 	C:\WINDOWS\System32\GDI32.dll
0x00007ffc70760000 - 0x00007ffc708f6000 	C:\WINDOWS\System32\gdi32full.dll
0x00007ffc70930000 - 0x00007ffc709ce000 	C:\WINDOWS\System32\msvcp_win.dll
0x00007ffc70630000 - 0x00007ffc7072a000 	C:\WINDOWS\System32\ucrtbase.dll
0x00007ffc54660000 - 0x00007ffc548e4000 	C:\WINDOWS\WinSxS\amd64_microsoft.windows.common-controls_6595b64144ccf1df_6.0.18362.1256_none_9e7e379be45e40e2\COMCTL32.dll
0x00007ffc724c0000 - 0x00007ffc727f6000 	C:\WINDOWS\System32\combase.dll
0x00007ffc702f0000 - 0x00007ffc70371000 	C:\WINDOWS\System32\bcryptPrimitives.dll
0x00007ffc728c0000 - 0x00007ffc728ee000 	C:\WINDOWS\System32\IMM32.DLL
0x0000000058df0000 - 0x0000000058ec2000 	C:\Program Files\Android\Android Studio\jre\jre\bin\msvcr100.dll
0x00000000585a0000 - 0x0000000058deb000 	C:\Program Files\Android\Android Studio\jre\jre\bin\server\jvm.dll
0x00007ffc709f0000 - 0x00007ffc709f8000 	C:\WINDOWS\System32\PSAPI.DLL
0x00007ffc6c0f0000 - 0x00007ffc6c114000 	C:\WINDOWS\SYSTEM32\WINMM.dll
0x00007ffc58b50000 - 0x00007ffc58b59000 	C:\WINDOWS\SYSTEM32\WSOCK32.dll
0x00007ffc651d0000 - 0x00007ffc651da000 	C:\WINDOWS\SYSTEM32\VERSION.dll
0x00007ffc710c0000 - 0x00007ffc7112f000 	C:\WINDOWS\System32\WS2_32.dll
0x00007ffc6c0c0000 - 0x00007ffc6c0ed000 	C:\WINDOWS\SYSTEM32\WINMMBASE.dll
0x00007ffc6f8b0000 - 0x00007ffc6f8fa000 	C:\WINDOWS\System32\cfgmgr32.dll
0x00007ffc691f0000 - 0x00007ffc691ff000 	C:\Program Files\Android\Android Studio\jre\jre\bin\verify.dll
0x00007ffc63420000 - 0x00007ffc63449000 	C:\Program Files\Android\Android Studio\jre\jre\bin\java.dll
0x00007ffc66b70000 - 0x00007ffc66b86000 	C:\Program Files\Android\Android Studio\jre\jre\bin\zip.dll
0x00007ffc712e0000 - 0x00007ffc719c7000 	C:\WINDOWS\System32\SHELL32.dll
0x00007ffc71010000 - 0x00007ffc710b9000 	C:\WINDOWS\System32\shcore.dll
0x00007ffc6fb60000 - 0x00007ffc702e1000 	C:\WINDOWS\System32\windows.storage.dll
0x00007ffc6f810000 - 0x00007ffc6f833000 	C:\WINDOWS\System32\profapi.dll
0x00007ffc6f860000 - 0x00007ffc6f8aa000 	C:\WINDOWS\System32\powrprof.dll
0x00007ffc6f7e0000 - 0x00007ffc6f7f0000 	C:\WINDOWS\System32\UMPDC.dll
0x00007ffc71a70000 - 0x00007ffc71ac2000 	C:\WINDOWS\System32\shlwapi.dll
0x00007ffc6f7f0000 - 0x00007ffc6f801000 	C:\WINDOWS\System32\kernel.appcore.dll
0x00007ffc709d0000 - 0x00007ffc709e7000 	C:\WINDOWS\System32\cryptsp.dll
0x00007ffc66610000 - 0x00007ffc6662a000 	C:\Program Files\Android\Android Studio\jre\jre\bin\net.dll
0x00007ffc6ef80000 - 0x00007ffc6efe7000 	C:\WINDOWS\system32\mswsock.dll
0x00007ffc63400000 - 0x00007ffc63413000 	C:\Program Files\Android\Android Studio\jre\jre\bin\nio.dll
0x00007ffc62f70000 - 0x00007ffc62f96000 	C:\Users\vandy\.gradle\native\fdc75f09e3144964f2cf3f50f0aa648679c211496f362492102eb8c894070792\windows-amd64\native-platform.dll
0x00007ffc462c0000 - 0x00007ffc46451000 	C:\Users\vandy\.gradle\native\12488b8bf47d2d4c9fbf2f6322a914ad602e24e48041cd04a747c6da556b65c4\windows-amd64\native-platform-file-events.dll
0x00007ffc68b40000 - 0x00007ffc68b4d000 	C:\Program Files\Android\Android Studio\jre\jre\bin\management.dll
0x00007ffc6eb00000 - 0x00007ffc6eb33000 	C:\WINDOWS\system32\rsaenh.dll
0x00007ffc70900000 - 0x00007ffc70926000 	C:\WINDOWS\System32\bcrypt.dll
0x00007ffc6f6c0000 - 0x00007ffc6f6e5000 	C:\WINDOWS\SYSTEM32\USERENV.dll
0x00007ffc6f100000 - 0x00007ffc6f10c000 	C:\WINDOWS\SYSTEM32\CRYPTBASE.dll
0x00007ffc6eca0000 - 0x00007ffc6ecda000 	C:\WINDOWS\SYSTEM32\IPHLPAPI.DLL
0x00007ffc72230000 - 0x00007ffc72238000 	C:\WINDOWS\System32\NSI.dll
0x00007ffc66420000 - 0x00007ffc66436000 	C:\WINDOWS\SYSTEM32\dhcpcsvc6.DLL
0x00007ffc66400000 - 0x00007ffc6641c000 	C:\WINDOWS\SYSTEM32\dhcpcsvc.DLL
0x00007ffc6ece0000 - 0x00007ffc6edab000 	C:\WINDOWS\SYSTEM32\DNSAPI.dll
0x00007ffc66c70000 - 0x00007ffc66c7b000 	C:\WINDOWS\SYSTEM32\WINNSI.DLL

VM Arguments:
jvm_args: -Xmx1536M -Dfile.encoding=windows-1252 -Duser.country=US -Duser.language=en -Duser.variant 
java_command: org.gradle.launcher.daemon.bootstrap.GradleDaemon 6.7
java_class_path (initial): C:\Users\vandy\.gradle\wrapper\dists\gradle-6.7-all\cuy9mc7upwgwgeb72wkcrupxe\gradle-6.7\lib\gradle-launcher-6.7.jar
Launcher Type: SUN_STANDARD

Environment Variables:
JAVA_HOME=C:\Program Files\Android\Android Studio\jre
CLASSPATH=C:\FlutterProjects\emkapp\android\\gradle\wrapper\gradle-wrapper.jar
PATH=C:\Python38\Scripts\;C:\Python38\;C:\Program Files (x86)\Common Files\Oracle\Java\javapath;C:\ProgramData\Oracle\Java\javapath;C:\WINDOWS\system32;C:\WINDOWS;C:\WINDOWS\System32\Wbem;C:\WINDOWS\System32\WindowsPowerShell\v1.0\;C:\WINDOWS\System32\OpenSSH\;C:\wamp64\bin\php\php5.6.31;C:\ProgramData\ComposerSetup\bin;C:\Program Files (x86)\Microsoft SQL Server\100\Tools\Binn\;C:\Program Files\Microsoft SQL Server\100\Tools\Binn\;C:\Program Files\Microsoft SQL Server\100\DTS\Binn\;C:\Program Files (x86)\Microsoft SQL Server\100\DTS\Binn\;C:\Program Files (x86)\Microsoft SQL Server\100\Tools\Binn\VSShell\Common7\IDE\;C:\ProgramData\chocolatey\bin;C:\Program Files\nodejs\;C:\Program Files\Docker\Docker\resources\bin;C:\ProgramData\DockerDesktop\version-bin;C:\Program Files\dotnet\;C:\Program Files\Git\cmd;C:\Program Files\Git\mingw64\bin;C:\Program Files\Git\usr\bin;C:\Ruby27-x64\bin;C:\Users\vandy\AppData\Local\Microsoft\WindowsApps;C:\Users\vandy\AppData\Roaming\Composer\vendor\bin;C:\Users\vandy\AppData\Roaming\npm;C:\Users\vandy\AppData\Local\Programs\Microsoft VS Code\bin;C:\flutter\bin;C:\Users\vandy\.dotnet\tools;C:\flutter\bin\mingit\cmd
USERNAME=vandy
OS=Windows_NT
PROCESSOR_IDENTIFIER=Intel64 Family 6 Model 58 Stepping 9, GenuineIntel



---------------  S Y S T E M  ---------------

OS: Windows 10.0 , 64 bit Build 18362 (10.0.18362.1110)

CPU:total 4 (initial active 4) (2 cores per cpu, 2 threads per core) family 6 model 58 stepping 9, cmov, cx8, fxsr, mmx, sse, sse2, sse3, ssse3, sse4.1, sse4.2, popcnt, avx, clmul, erms, ht, tsc, tscinvbit, tscinv

Memory: 4k page, physical 4070680k(396440k free), swap 16653592k(18116k free)

vm_info: OpenJDK 64-Bit Server VM (25.242-b01) for windows-amd64 JRE (1.8.0_242-release-1644-b01), built by "builder" with MS VC++ 10.0 (VS2010)

time: Wed Jul 14 14:43:07 2021
timezone: Greenwich Standard Time
elapsed time: 77 seconds (0d 0h 1m 17s)

