#
# There is insufficient memory for the Java Runtime Environment to continue.
# Native memory allocation (malloc) failed to allocate 262160 bytes for Chunk::new
# Possible reasons:
#   The system is out of physical RAM or swap space
#   The process is running with CompressedOops enabled, and the Java Heap may be blocking the growth of the native heap
# Possible solutions:
#   Reduce memory load on the system
#   Increase physical memory or swap space
#   Check if swap backing store is full
#   Decrease Java heap size (-Xmx/-Xms)
#   Decrease number of Java threads
#   Decrease Java thread stack sizes (-Xss)
#   Set larger code cache with -XX:ReservedCodeCacheSize=
#   JVM is running with Unscaled Compressed Oops mode in which the Java heap is
#     placed in the first 4GB address space. The Java Heap base address is the
#     maximum limit for the native heap growth. Please use -XX:HeapBaseMinAddress
#     to set the Java Heap base and to place the Java Heap above 4GB virtual address.
# This output file may be truncated or incomplete.
#
#  Out of Memory Error (allocation.cpp:389), pid=14400, tid=0x0000000000004700
#
# JRE version: OpenJDK Runtime Environment (8.0_242-b01) (build 1.8.0_242-release-1644-b01)
# Java VM: OpenJDK 64-Bit Server VM (25.242-b01 mixed mode windows-amd64 compressed oops)
# Failed to write core dump. Minidumps are not enabled by default on client versions of Windows
#

---------------  T H R E A D  ---------------

Current thread (0x00000000166f4800):  JavaThread "C2 CompilerThread0" daemon [_thread_in_native, id=18176, stack(0x0000000017d60000,0x0000000017e60000)]

Stack: [0x0000000017d60000,0x0000000017e60000]
[error occurred during error reporting (printing stack bounds), id 0xc0000005]

Native frames: (J=compiled Java code, j=interpreted, Vv=VM code, C=native code)


Current CompileTask:
C2: 104895 5960       4       sun.reflect.generics.parser.SignatureParser::parsePackageNameAndSimpleClassTypeSignature (139 bytes)


---------------  P R O C E S S  ---------------

Java Threads: ( => current thread )
  0x0000000019de2800 JavaThread "Memory manager" [_thread_blocked, id=9656, stack(0x0000000028b80000,0x0000000028c80000)]
  0x0000000019de8000 JavaThread "jar transforms Thread 112" [_thread_blocked, id=14768, stack(0x0000000028480000,0x0000000028580000)]
  0x0000000019de5800 JavaThread "jar transforms Thread 111" [_thread_blocked, id=12256, stack(0x0000000028380000,0x0000000028480000)]
  0x0000000019de7000 JavaThread "jar transforms Thread 110" [_thread_blocked, id=1396, stack(0x0000000028280000,0x0000000028380000)]
  0x0000000019de5000 JavaThread "jar transforms Thread 109" [_thread_blocked, id=15312, stack(0x0000000028180000,0x0000000028280000)]
  0x0000000019de6800 JavaThread "jar transforms Thread 108" [_thread_blocked, id=16228, stack(0x0000000028080000,0x0000000028180000)]
  0x0000000019de4000 JavaThread "jar transforms Thread 107" [_thread_blocked, id=10768, stack(0x0000000027f80000,0x0000000028080000)]
  0x000000001b4d3000 JavaThread "jar transforms Thread 106" [_thread_blocked, id=13996, stack(0x0000000027e80000,0x0000000027f80000)]
  0x000000001b4d2800 JavaThread "jar transforms Thread 105" [_thread_blocked, id=17736, stack(0x0000000027d80000,0x0000000027e80000)]
  0x000000001b4d9000 JavaThread "jar transforms Thread 104" [_thread_blocked, id=2032, stack(0x0000000027c80000,0x0000000027d80000)]
  0x000000001b4d1800 JavaThread "jar transforms Thread 103" [_thread_blocked, id=14248, stack(0x0000000027b80000,0x0000000027c80000)]
  0x000000001b4d7800 JavaThread "jar transforms Thread 102" [_thread_blocked, id=14064, stack(0x0000000027a80000,0x0000000027b80000)]
  0x000000001b4d8800 JavaThread "jar transforms Thread 101" [_thread_blocked, id=13652, stack(0x0000000027980000,0x0000000027a80000)]
  0x000000001b4d4000 JavaThread "jar transforms Thread 100" [_thread_blocked, id=1952, stack(0x0000000027880000,0x0000000027980000)]
  0x000000001b4d7000 JavaThread "jar transforms Thread 99" [_thread_blocked, id=12392, stack(0x0000000027780000,0x0000000027880000)]
  0x000000001b4d6000 JavaThread "jar transforms Thread 98" [_thread_blocked, id=12172, stack(0x0000000027680000,0x0000000027780000)]
  0x000000001b4d5800 JavaThread "jar transforms Thread 97" [_thread_blocked, id=13740, stack(0x0000000027580000,0x0000000027680000)]
  0x000000001b4ce000 JavaThread "jar transforms Thread 96" [_thread_blocked, id=14212, stack(0x0000000027480000,0x0000000027580000)]
  0x000000001b4d4800 JavaThread "jar transforms Thread 95" [_thread_blocked, id=5200, stack(0x0000000027380000,0x0000000027480000)]
  0x000000001b4cf800 JavaThread "jar transforms Thread 94" [_thread_blocked, id=12004, stack(0x0000000027280000,0x0000000027380000)]
  0x000000001b4cd000 JavaThread "jar transforms Thread 93" [_thread_blocked, id=7408, stack(0x0000000027180000,0x0000000027280000)]
  0x000000001b4cb800 JavaThread "jar transforms Thread 92" [_thread_blocked, id=11668, stack(0x0000000027080000,0x0000000027180000)]
  0x000000001b4ca000 JavaThread "jar transforms Thread 91" [_thread_blocked, id=16700, stack(0x0000000026f80000,0x0000000027080000)]
  0x000000001b4d1000 JavaThread "jar transforms Thread 90" [_thread_blocked, id=1332, stack(0x0000000026e80000,0x0000000026f80000)]
  0x000000001b4cb000 JavaThread "jar transforms Thread 89" [_thread_blocked, id=7940, stack(0x0000000026d80000,0x0000000026e80000)]
  0x000000001b4ce800 JavaThread "jar transforms Thread 88" [_thread_blocked, id=3224, stack(0x0000000026b80000,0x0000000026c80000)]
  0x000000001b4cc800 JavaThread "jar transforms Thread 87" [_thread_blocked, id=9204, stack(0x0000000026a80000,0x0000000026b80000)]
  0x000000001b4d0000 JavaThread "jar transforms Thread 86" [_thread_blocked, id=16824, stack(0x0000000026980000,0x0000000026a80000)]
  0x000000001b4bc800 JavaThread "jar transforms Thread 85" [_thread_blocked, id=820, stack(0x0000000026880000,0x0000000026980000)]
  0x000000001b4c0800 JavaThread "jar transforms Thread 84" [_thread_blocked, id=7580, stack(0x0000000026780000,0x0000000026880000)]
  0x000000001b4bf800 JavaThread "jar transforms Thread 83" [_thread_blocked, id=17620, stack(0x0000000026680000,0x0000000026780000)]
  0x000000001b4bd800 JavaThread "jar transforms Thread 82" [_thread_blocked, id=13096, stack(0x0000000026580000,0x0000000026680000)]
  0x000000001b4bf000 JavaThread "jar transforms Thread 81" [_thread_blocked, id=16708, stack(0x0000000026480000,0x0000000026580000)]
  0x000000001b4bc000 JavaThread "jar transforms Thread 80" [_thread_blocked, id=10496, stack(0x0000000026380000,0x0000000026480000)]
  0x000000001b4bb000 JavaThread "jar transforms Thread 79" [_thread_blocked, id=9036, stack(0x0000000026280000,0x0000000026380000)]
  0x000000001b4be000 JavaThread "jar transforms Thread 78" [_thread_blocked, id=12368, stack(0x0000000026180000,0x0000000026280000)]
  0x000000001b4ba800 JavaThread "jar transforms Thread 77" [_thread_blocked, id=16376, stack(0x0000000026080000,0x0000000026180000)]
  0x000000001b4b9800 JavaThread "jar transforms Thread 76" [_thread_blocked, id=1432, stack(0x0000000025f80000,0x0000000026080000)]
  0x000000001b4b3000 JavaThread "jar transforms Thread 75" [_thread_blocked, id=13720, stack(0x0000000025e80000,0x0000000025f80000)]
  0x000000001b4b2000 JavaThread "jar transforms Thread 74" [_thread_blocked, id=5364, stack(0x0000000025d80000,0x0000000025e80000)]
  0x000000001b4b9000 JavaThread "jar transforms Thread 73" [_thread_blocked, id=5412, stack(0x0000000025c80000,0x0000000025d80000)]
  0x000000001b4b8000 JavaThread "jar transforms Thread 72" [_thread_blocked, id=12000, stack(0x0000000025b80000,0x0000000025c80000)]
  0x000000001b4b7800 JavaThread "jar transforms Thread 71" [_thread_blocked, id=12036, stack(0x0000000025a80000,0x0000000025b80000)]
  0x000000001b4b6800 JavaThread "jar transforms Thread 70" [_thread_blocked, id=16828, stack(0x0000000025980000,0x0000000025a80000)]
  0x000000001b4b1800 JavaThread "jar transforms Thread 69" [_thread_blocked, id=10700, stack(0x0000000025880000,0x0000000025980000)]
  0x000000001b4b6000 JavaThread "jar transforms Thread 68" [_thread_blocked, id=12508, stack(0x0000000025780000,0x0000000025880000)]
  0x000000001b4b5000 JavaThread "jar transforms Thread 67" [_thread_blocked, id=7428, stack(0x0000000025680000,0x0000000025780000)]
  0x000000001b4b3800 JavaThread "jar transforms Thread 66" [_thread_blocked, id=7160, stack(0x0000000025580000,0x0000000025680000)]
  0x000000001b4b4800 JavaThread "jar transforms Thread 65" [_thread_blocked, id=9372, stack(0x0000000025480000,0x0000000025580000)]
  0x00000000189bc000 JavaThread "jar transforms Thread 64" [_thread_blocked, id=12708, stack(0x0000000025380000,0x0000000025480000)]
  0x00000000189bb000 JavaThread "jar transforms Thread 63" [_thread_blocked, id=13244, stack(0x0000000025280000,0x0000000025380000)]
  0x00000000189bd800 JavaThread "jar transforms Thread 62" [_thread_blocked, id=13864, stack(0x0000000025180000,0x0000000025280000)]
  0x00000000189ba800 JavaThread "jar transforms Thread 61" [_thread_blocked, id=13292, stack(0x0000000025080000,0x0000000025180000)]
  0x00000000189b9000 JavaThread "jar transforms Thread 60" [_thread_blocked, id=10804, stack(0x0000000024f80000,0x0000000025080000)]
  0x00000000189b9800 JavaThread "jar transforms Thread 59" [_thread_blocked, id=18412, stack(0x0000000024e80000,0x0000000024f80000)]
  0x00000000189bc800 JavaThread "jar transforms Thread 58" [_thread_blocked, id=7836, stack(0x0000000024d80000,0x0000000024e80000)]
  0x00000000189b1800 JavaThread "jar transforms Thread 57" [_thread_blocked, id=16392, stack(0x0000000024c80000,0x0000000024d80000)]
  0x00000000189b8000 JavaThread "jar transforms Thread 56" [_thread_blocked, id=12612, stack(0x0000000024b80000,0x0000000024c80000)]
  0x00000000189b7800 JavaThread "jar transforms Thread 55" [_thread_blocked, id=18164, stack(0x0000000024a80000,0x0000000024b80000)]
  0x00000000189b6800 JavaThread "jar transforms Thread 54" [_thread_blocked, id=9744, stack(0x0000000024980000,0x0000000024a80000)]
  0x00000000189b6000 JavaThread "jar transforms Thread 53" [_thread_blocked, id=12832, stack(0x0000000024880000,0x0000000024980000)]
  0x00000000189b5000 JavaThread "jar transforms Thread 52" [_thread_blocked, id=11396, stack(0x0000000024780000,0x0000000024880000)]
  0x00000000189ae800 JavaThread "jar transforms Thread 51" [_thread_blocked, id=12380, stack(0x0000000024680000,0x0000000024780000)]
  0x00000000189b4800 JavaThread "jar transforms Thread 50" [_thread_blocked, id=5392, stack(0x0000000024580000,0x0000000024680000)]
  0x00000000189b3800 JavaThread "jar transforms Thread 49" [_thread_blocked, id=18004, stack(0x0000000024480000,0x0000000024580000)]
  0x00000000189b3000 JavaThread "jar transforms Thread 48" [_thread_blocked, id=13008, stack(0x0000000024380000,0x0000000024480000)]
  0x00000000189b0800 JavaThread "jar transforms Thread 47" [_thread_blocked, id=15976, stack(0x0000000024280000,0x0000000024380000)]
  0x00000000189b0000 JavaThread "jar transforms Thread 46" [_thread_blocked, id=3572, stack(0x0000000024180000,0x0000000024280000)]
  0x00000000189af000 JavaThread "jar transforms Thread 45" [_thread_blocked, id=12568, stack(0x0000000024080000,0x0000000024180000)]
  0x00000000189b2000 JavaThread "jar transforms Thread 44" [_thread_blocked, id=7524, stack(0x0000000023f80000,0x0000000024080000)]
  0x0000000019c58000 JavaThread "jar transforms Thread 43" [_thread_blocked, id=13644, stack(0x0000000023e80000,0x0000000023f80000)]
  0x0000000019c50800 JavaThread "jar transforms Thread 42" [_thread_blocked, id=2768, stack(0x0000000023d80000,0x0000000023e80000)]
  0x0000000019c57800 JavaThread "jar transforms Thread 41" [_thread_blocked, id=15612, stack(0x0000000023c80000,0x0000000023d80000)]
  0x0000000019c51800 JavaThread "jar transforms Thread 40" [_thread_blocked, id=15448, stack(0x0000000023b80000,0x0000000023c80000)]
  0x0000000019c56800 JavaThread "jar transforms Thread 39" [_thread_blocked, id=18048, stack(0x0000000023a80000,0x0000000023b80000)]
  0x0000000019c56000 JavaThread "jar transforms Thread 38" [_thread_blocked, id=12524, stack(0x0000000023980000,0x0000000023a80000)]
  0x0000000019c55000 JavaThread "jar transforms Thread 37" [_thread_blocked, id=9120, stack(0x0000000023880000,0x0000000023980000)]
  0x0000000019c54800 JavaThread "jar transforms Thread 36" [_thread_blocked, id=18200, stack(0x0000000023780000,0x0000000023880000)]
  0x0000000019c53800 JavaThread "jar transforms Thread 35" [_thread_blocked, id=17044, stack(0x0000000023680000,0x0000000023780000)]
  0x0000000019c53000 JavaThread "jar transforms Thread 34" [_thread_blocked, id=13496, stack(0x0000000023580000,0x0000000023680000)]
  0x0000000019c52000 JavaThread "jar transforms Thread 33" [_thread_blocked, id=14816, stack(0x0000000023480000,0x0000000023580000)]
  0x0000000019c49000 JavaThread "jar transforms Thread 32" [_thread_blocked, id=3888, stack(0x0000000023380000,0x0000000023480000)]
  0x0000000019c4c000 JavaThread "jar transforms Thread 31" [_thread_blocked, id=15500, stack(0x0000000023280000,0x0000000023380000)]
  0x0000000019c50000 JavaThread "jar transforms Thread 30" [_thread_blocked, id=8432, stack(0x0000000023180000,0x0000000023280000)]
  0x0000000019c4d800 JavaThread "jar transforms Thread 29" [_thread_blocked, id=9196, stack(0x0000000023080000,0x0000000023180000)]
  0x0000000019c4b800 JavaThread "jar transforms Thread 28" [_thread_blocked, id=13204, stack(0x0000000022f80000,0x0000000023080000)]
  0x0000000019c4d000 JavaThread "jar transforms Thread 27" [_thread_blocked, id=17684, stack(0x0000000022e80000,0x0000000022f80000)]
  0x0000000019c4a800 JavaThread "jar transforms Thread 26" [_thread_blocked, id=10744, stack(0x0000000022d80000,0x0000000022e80000)]
  0x0000000019c4a000 JavaThread "jar transforms Thread 25" [_thread_blocked, id=6852, stack(0x0000000022c80000,0x0000000022d80000)]
  0x0000000019c4f000 JavaThread "jar transforms Thread 24" [_thread_blocked, id=10980, stack(0x0000000022b80000,0x0000000022c80000)]
  0x0000000019c4e800 JavaThread "jar transforms Thread 23" [_thread_blocked, id=12384, stack(0x0000000022a80000,0x0000000022b80000)]
  0x0000000019874000 JavaThread "jar transforms Thread 22" [_thread_blocked, id=880, stack(0x0000000022980000,0x0000000022a80000)]
  0x0000000019879800 JavaThread "jar transforms Thread 21" [_thread_blocked, id=8068, stack(0x0000000022880000,0x0000000022980000)]
  0x0000000019878800 JavaThread "jar transforms Thread 20" [_thread_blocked, id=12620, stack(0x0000000022780000,0x0000000022880000)]
  0x0000000019873000 JavaThread "jar transforms Thread 19" [_thread_blocked, id=15912, stack(0x0000000022680000,0x0000000022780000)]
  0x0000000019875800 JavaThread "jar transforms Thread 18" [_thread_blocked, id=14220, stack(0x0000000022580000,0x0000000022680000)]
  0x0000000019877800 JavaThread "jar transforms Thread 17" [_thread_blocked, id=10828, stack(0x0000000022480000,0x0000000022580000)]
  0x0000000019876000 JavaThread "jar transforms Thread 16" [_thread_blocked, id=18136, stack(0x0000000022380000,0x0000000022480000)]
  0x0000000019877000 JavaThread "jar transforms Thread 15" [_thread_blocked, id=17128, stack(0x0000000022280000,0x0000000022380000)]
  0x0000000019874800 JavaThread "jar transforms Thread 14" [_thread_blocked, id=15044, stack(0x0000000022180000,0x0000000022280000)]
  0x0000000019872800 JavaThread "jar transforms Thread 13" [_thread_blocked, id=15396, stack(0x0000000022080000,0x0000000022180000)]
  0x000000001e9cf000 JavaThread "jar transforms Thread 12" [_thread_blocked, id=10160, stack(0x0000000021f80000,0x0000000022080000)]
  0x000000001e9d0800 JavaThread "jar transforms Thread 11" [_thread_blocked, id=17540, stack(0x0000000021e80000,0x0000000021f80000)]
  0x000000001e9ce000 JavaThread "jar transforms Thread 10" [_thread_blocked, id=6868, stack(0x0000000021d80000,0x0000000021e80000)]
  0x000000001e9cf800 JavaThread "jar transforms Thread 9" [_thread_blocked, id=14012, stack(0x0000000021c80000,0x0000000021d80000)]
  0x000000001e9c6800 JavaThread "jar transforms Thread 8" [_thread_blocked, id=17488, stack(0x0000000021b80000,0x0000000021c80000)]
  0x000000001e9cd800 JavaThread "jar transforms Thread 7" [_thread_blocked, id=16928, stack(0x0000000021a80000,0x0000000021b80000)]
  0x000000001e9cb000 JavaThread "jar transforms Thread 6" [_thread_blocked, id=16980, stack(0x0000000021980000,0x0000000021a80000)]
  0x000000001e9cc800 JavaThread "jar transforms Thread 5" [_thread_blocked, id=18376, stack(0x0000000021880000,0x0000000021980000)]
  0x000000001e9c5000 JavaThread "jar transforms Thread 4" [_thread_blocked, id=5664, stack(0x0000000021780000,0x0000000021880000)]
  0x000000001e9c9800 JavaThread "jar transforms Thread 3" [_thread_blocked, id=14284, stack(0x0000000021680000,0x0000000021780000)]
  0x000000001e9cc000 JavaThread "jar transforms Thread 2" [_thread_blocked, id=15744, stack(0x0000000021580000,0x0000000021680000)]
  0x000000001e9ca800 JavaThread "Build operations Thread 4" [_thread_blocked, id=2424, stack(0x0000000021480000,0x0000000021580000)]
  0x000000001e9c9000 JavaThread "Build operations Thread 3" [_thread_blocked, id=16080, stack(0x0000000021380000,0x0000000021480000)]
  0x000000001e9c8000 JavaThread "Build operations Thread 2" [_thread_blocked, id=8596, stack(0x0000000021280000,0x0000000021380000)]
  0x000000001e9c4000 JavaThread "Build operations" [_thread_blocked, id=17728, stack(0x0000000021180000,0x0000000021280000)]
  0x000000001e9c6000 JavaThread "Cache worker for Build Output Cleanup Cache (C:\FlutterProjects\emkapp\android\.gradle\buildOutputCleanup)" [_thread_blocked, id=15644, stack(0x0000000021080000,0x0000000021180000)]
  0x000000001e9c2800 JavaThread "Cache worker for file content cache (C:\Users\vandy\.gradle\caches\6.7\fileContent)" [_thread_blocked, id=9560, stack(0x0000000020980000,0x0000000020a80000)]
  0x0000000018ced000 JavaThread "jar transforms" [_thread_blocked, id=9968, stack(0x000000001e250000,0x000000001e350000)]
  0x0000000018cef800 JavaThread "Cache worker for execution history cache (C:\Users\vandy\.gradle\caches\6.7\executionHistory)" [_thread_blocked, id=11804, stack(0x000000001e150000,0x000000001e250000)]
  0x0000000018cec000 JavaThread "Cache worker for cache directory md-rule (C:\Users\vandy\.gradle\caches\6.7\md-rule)" [_thread_blocked, id=17436, stack(0x000000001e050000,0x000000001e150000)]
  0x0000000018ceb800 JavaThread "Cache worker for cache directory md-supplier (C:\Users\vandy\.gradle\caches\6.7\md-supplier)" [_thread_blocked, id=6172, stack(0x000000001df50000,0x000000001e050000)]
  0x0000000018cea800 JavaThread "Cache worker for checksums cache (C:\FlutterProjects\emkapp\android\.gradle\checksums)" [_thread_blocked, id=18380, stack(0x000000001dc50000,0x000000001dd50000)]
  0x0000000018cea000 JavaThread "Cache worker for file hash cache (C:\FlutterProjects\emkapp\android\.gradle\6.7\fileHashes)" [_thread_blocked, id=17188, stack(0x00000000011b0000,0x00000000012b0000)]
  0x0000000018cf0000 JavaThread "Cache worker for journal cache (C:\Users\vandy\.gradle\caches\journal-1)" [_thread_blocked, id=13840, stack(0x000000001d750000,0x000000001d850000)]
  0x0000000018cee800 JavaThread "File lock request listener" [_thread_in_native, id=15216, stack(0x000000001c680000,0x000000001c780000)]
  0x0000000018cf1000 JavaThread "Cache worker for file hash cache (C:\Users\vandy\.gradle\caches\6.7\fileHashes)" [_thread_blocked, id=12156, stack(0x000000001c480000,0x000000001c580000)]
  0x00000000191b7800 JavaThread "Thread-9" [_thread_blocked, id=16748, stack(0x000000001b1b0000,0x000000001b2b0000)]
  0x00000000191b4800 JavaThread "Stdin handler" [_thread_blocked, id=9024, stack(0x000000001b0b0000,0x000000001b1b0000)]
  0x0000000019964800 JavaThread "Asynchronous log dispatcher for DefaultDaemonConnection: socket connection from /127.0.0.1:14253 to /127.0.0.1:14254" [_thread_blocked, id=12996, stack(0x000000001afb0000,0x000000001b0b0000)]
  0x0000000018299800 JavaThread "Daemon worker" [_thread_in_vm, id=9604, stack(0x000000001aeb0000,0x000000001afb0000)]
  0x0000000018299000 JavaThread "Cancel handler" [_thread_blocked, id=11048, stack(0x000000001adb0000,0x000000001aeb0000)]
  0x0000000018298000 JavaThread "Handler for socket connection from /127.0.0.1:14253 to /127.0.0.1:14254" [_thread_in_native, id=1596, stack(0x000000001acb0000,0x000000001adb0000)]
  0x0000000018295800 JavaThread "Daemon" [_thread_blocked, id=1684, stack(0x000000001a9b0000,0x000000001aab0000)]
  0x00000000183c8800 JavaThread "Daemon periodic checks" [_thread_blocked, id=18404, stack(0x000000001a8b0000,0x000000001a9b0000)]
  0x00000000183c6000 JavaThread "Incoming local TCP Connector on port 14253" [_thread_in_native, id=15004, stack(0x000000001a670000,0x000000001a770000)]
  0x0000000019563800 JavaThread "Daemon health stats" [_thread_blocked, id=15180, stack(0x000000001a030000,0x000000001a130000)]
  0x0000000018090800 JavaThread "Service Thread" daemon [_thread_blocked, id=10784, stack(0x0000000018460000,0x0000000018560000)]
  0x000000001670e000 JavaThread "C1 CompilerThread2" daemon [_thread_blocked, id=13608, stack(0x0000000017f60000,0x0000000018060000)]
  0x00000000166fd800 JavaThread "C2 CompilerThread1" daemon [_thread_in_native, id=16504, stack(0x0000000017e60000,0x0000000017f60000)]
=>0x00000000166f4800 JavaThread "C2 CompilerThread0" daemon [_thread_in_native, id=18176, stack(0x0000000017d60000,0x0000000017e60000)]
  0x00000000166f2800 JavaThread "Attach Listener" daemon [_thread_blocked, id=16432, stack(0x0000000017c60000,0x0000000017d60000)]
  0x00000000166f9000 JavaThread "Signal Dispatcher" daemon [_thread_blocked, id=17444, stack(0x0000000017b60000,0x0000000017c60000)]
  0x0000000002d7c000 JavaThread "Finalizer" daemon [_thread_blocked, id=16548, stack(0x0000000017960000,0x0000000017a60000)]
  0x00000000166d9800 JavaThread "Reference Handler" daemon [_thread_blocked, id=15328, stack(0x0000000017860000,0x0000000017960000)]
  0x0000000002c82800 JavaThread "main" [_thread_blocked, id=2188, stack(0x0000000002b80000,0x0000000002c80000)]

Other Threads:
  0x00000000166b7800 VMThread [stack: 0x0000000017760000,0x0000000017860000] [id=15628]
  0x0000000016739000 WatcherThread [stack: 0x0000000018560000,0x0000000018660000] [id=14000]

VM state:not at safepoint (normal execution)

VM Mutex/Monitor currently owned by a thread: None

heap address: 0x00000000a0000000, size: 1536 MB, Compressed Oops mode: 32-bit
Narrow klass base: 0x0000000000000000, Narrow klass shift: 3
Compressed class space size: 1073741824 Address: 0x0000000100000000

Heap:
 PSYoungGen      total 66560K, used 19231K [0x00000000e0000000, 0x00000000e4b00000, 0x0000000100000000)
  eden space 57344K, 33% used [0x00000000e0000000,0x00000000e12c7e80,0x00000000e3800000)
  from space 9216K, 0% used [0x00000000e4180000,0x00000000e4180000,0x00000000e4a80000)
  to   space 9728K, 0% used [0x00000000e3800000,0x00000000e3800000,0x00000000e4180000)
 ParOldGen       total 52736K, used 34499K [0x00000000a0000000, 0x00000000a3380000, 0x00000000e0000000)
  object space 52736K, 65% used [0x00000000a0000000,0x00000000a21b0ef0,0x00000000a3380000)
 Metaspace       used 57287K, capacity 59956K, committed 60160K, reserved 1101824K
  class space    used 7833K, capacity 8370K, committed 8448K, reserved 1048576K

Card table byte_map: [0x0000000012140000,0x0000000012450000] byte_map_base: 0x0000000011c40000

Marking Bits: (ParMarkBitMap*) 0x000000006e60f030
 Begin Bits: [0x0000000012a50000, 0x0000000014250000)
 End Bits:   [0x0000000014250000, 0x0000000015a50000)

Polling page: 0x0000000002a50000

CodeCache: size=245760Kb used=18556Kb max_used=18567Kb free=227203Kb
 bounds [0x0000000002d80000, 0x0000000003fb0000, 0x0000000011d80000]
 total_blobs=6263 nmethods=5482 adapters=693
 compilation: enabled

Compilation events (10 events):
Event: 104.471 Thread 0x000000001670e000 nmethod 5955 0x0000000003f9b4d0 code [0x0000000003f9b660, 0x0000000003f9ba98]
Event: 104.536 Thread 0x000000001670e000 5956       3       java.lang.ClassLoader::getResource (36 bytes)
Event: 104.537 Thread 0x000000001670e000 nmethod 5956 0x0000000003f9aa10 code [0x0000000003f9abe0, 0x0000000003f9b258]
Event: 104.571 Thread 0x00000000166f4800 5957       4       java.lang.Class::arrayContentsEq (70 bytes)
Event: 104.573 Thread 0x00000000166f4800 nmethod 5957 0x0000000003f976d0 code [0x0000000003f97800, 0x0000000003f978d8]
Event: 104.756 Thread 0x00000000166f4800 5958       4       java.util.HashMap::<init> (8 bytes)
Event: 104.758 Thread 0x00000000166f4800 nmethod 5958 0x0000000003fadc10 code [0x0000000003fadd40, 0x0000000003fade38]
Event: 104.766 Thread 0x00000000166f4800 5959       4       sun.misc.ProxyGenerator$ConstantPool$IndirectEntry::<init> (21 bytes)
Event: 104.767 Thread 0x00000000166f4800 nmethod 5959 0x0000000003f89850 code [0x0000000003f89980, 0x0000000003f899f8]
Event: 104.772 Thread 0x00000000166f4800 5960       4       sun.reflect.generics.parser.SignatureParser::parsePackageNameAndSimpleClassTypeSignature (139 bytes)

GC Heap History (10 events):
Event: 93.370 GC heap before
{Heap before GC invocations=33 (full 2):
 PSYoungGen      total 52224K, used 48716K [0x00000000e0000000, 0x00000000e3c00000, 0x0000000100000000)
  eden space 44032K, 100% used [0x00000000e0000000,0x00000000e2b00000,0x00000000e2b00000)
  from space 8192K, 57% used [0x00000000e3400000,0x00000000e38932c8,0x00000000e3c00000)
  to   space 8704K, 0% used [0x00000000e2b00000,0x00000000e2b00000,0x00000000e3380000)
 ParOldGen       total 52736K, used 20296K [0x00000000a0000000, 0x00000000a3380000, 0x00000000e0000000)
  object space 52736K, 38% used [0x00000000a0000000,0x00000000a13d2010,0x00000000a3380000)
 Metaspace       used 51512K, capacity 53616K, committed 53888K, reserved 1095680K
  class space    used 6859K, capacity 7252K, committed 7296K, reserved 1048576K
Event: 93.386 GC heap after
Heap after GC invocations=33 (full 2):
 PSYoungGen      total 52736K, used 5161K [0x00000000e0000000, 0x00000000e4280000, 0x0000000100000000)
  eden space 44032K, 0% used [0x00000000e0000000,0x00000000e0000000,0x00000000e2b00000)
  from space 8704K, 59% used [0x00000000e2b00000,0x00000000e300a6a0,0x00000000e3380000)
  to   space 8704K, 0% used [0x00000000e3a00000,0x00000000e3a00000,0x00000000e4280000)
 ParOldGen       total 52736K, used 23485K [0x00000000a0000000, 0x00000000a3380000, 0x00000000e0000000)
  object space 52736K, 44% used [0x00000000a0000000,0x00000000a16ef628,0x00000000a3380000)
 Metaspace       used 51512K, capacity 53616K, committed 53888K, reserved 1095680K
  class space    used 6859K, capacity 7252K, committed 7296K, reserved 1048576K
}
Event: 94.974 GC heap before
{Heap before GC invocations=34 (full 2):
 PSYoungGen      total 52736K, used 49193K [0x00000000e0000000, 0x00000000e4280000, 0x0000000100000000)
  eden space 44032K, 100% used [0x00000000e0000000,0x00000000e2b00000,0x00000000e2b00000)
  from space 8704K, 59% used [0x00000000e2b00000,0x00000000e300a6a0,0x00000000e3380000)
  to   space 8704K, 0% used [0x00000000e3a00000,0x00000000e3a00000,0x00000000e4280000)
 ParOldGen       total 52736K, used 23485K [0x00000000a0000000, 0x00000000a3380000, 0x00000000e0000000)
  object space 52736K, 44% used [0x00000000a0000000,0x00000000a16ef628,0x00000000a3380000)
 Metaspace       used 52115K, capacity 54424K, committed 54528K, reserved 1095680K
  class space    used 6957K, capacity 7407K, committed 7424K, reserved 1048576K
Event: 94.996 GC heap after
Heap after GC invocations=34 (full 2):
 PSYoungGen      total 59392K, used 5217K [0x00000000e0000000, 0x00000000e4200000, 0x0000000100000000)
  eden space 51200K, 0% used [0x00000000e0000000,0x00000000e0000000,0x00000000e3200000)
  from space 8192K, 63% used [0x00000000e3a00000,0x00000000e3f184a0,0x00000000e4200000)
  to   space 8192K, 0% used [0x00000000e3200000,0x00000000e3200000,0x00000000e3a00000)
 ParOldGen       total 52736K, used 23493K [0x00000000a0000000, 0x00000000a3380000, 0x00000000e0000000)
  object space 52736K, 44% used [0x00000000a0000000,0x00000000a16f1628,0x00000000a3380000)
 Metaspace       used 52115K, capacity 54424K, committed 54528K, reserved 1095680K
  class space    used 6957K, capacity 7407K, committed 7424K, reserved 1048576K
}
Event: 98.380 GC heap before
{Heap before GC invocations=35 (full 2):
 PSYoungGen      total 59392K, used 56417K [0x00000000e0000000, 0x00000000e4200000, 0x0000000100000000)
  eden space 51200K, 100% used [0x00000000e0000000,0x00000000e3200000,0x00000000e3200000)
  from space 8192K, 63% used [0x00000000e3a00000,0x00000000e3f184a0,0x00000000e4200000)
  to   space 8192K, 0% used [0x00000000e3200000,0x00000000e3200000,0x00000000e3a00000)
 ParOldGen       total 52736K, used 23493K [0x00000000a0000000, 0x00000000a3380000, 0x00000000e0000000)
  object space 52736K, 44% used [0x00000000a0000000,0x00000000a16f1628,0x00000000a3380000)
 Metaspace       used 53345K, capacity 55824K, committed 56064K, reserved 1097728K
  class space    used 7133K, capacity 7650K, committed 7680K, reserved 1048576K
Event: 98.396 GC heap after
Heap after GC invocations=35 (full 2):
 PSYoungGen      total 59392K, used 7326K [0x00000000e0000000, 0x00000000e4a80000, 0x0000000100000000)
  eden space 51200K, 0% used [0x00000000e0000000,0x00000000e0000000,0x00000000e3200000)
  from space 8192K, 89% used [0x00000000e3200000,0x00000000e3927938,0x00000000e3a00000)
  to   space 9216K, 0% used [0x00000000e4180000,0x00000000e4180000,0x00000000e4a80000)
 ParOldGen       total 52736K, used 25336K [0x00000000a0000000, 0x00000000a3380000, 0x00000000e0000000)
  object space 52736K, 48% used [0x00000000a0000000,0x00000000a18be078,0x00000000a3380000)
 Metaspace       used 53345K, capacity 55824K, committed 56064K, reserved 1097728K
  class space    used 7133K, capacity 7650K, committed 7680K, reserved 1048576K
}
Event: 101.934 GC heap before
{Heap before GC invocations=36 (full 2):
 PSYoungGen      total 59392K, used 35356K [0x00000000e0000000, 0x00000000e4a80000, 0x0000000100000000)
  eden space 51200K, 54% used [0x00000000e0000000,0x00000000e1b5fa28,0x00000000e3200000)
  from space 8192K, 89% used [0x00000000e3200000,0x00000000e3927938,0x00000000e3a00000)
  to   space 9216K, 0% used [0x00000000e4180000,0x00000000e4180000,0x00000000e4a80000)
 ParOldGen       total 52736K, used 25336K [0x00000000a0000000, 0x00000000a3380000, 0x00000000e0000000)
  object space 52736K, 48% used [0x00000000a0000000,0x00000000a18be078,0x00000000a3380000)
 Metaspace       used 56292K, capacity 58914K, committed 59096K, reserved 1099776K
  class space    used 7664K, capacity 8197K, committed 8320K, reserved 1048576K
Event: 101.955 GC heap after
Heap after GC invocations=36 (full 2):
 PSYoungGen      total 66560K, used 7421K [0x00000000e0000000, 0x00000000e4b00000, 0x0000000100000000)
  eden space 57344K, 0% used [0x00000000e0000000,0x00000000e0000000,0x00000000e3800000)
  from space 9216K, 80% used [0x00000000e4180000,0x00000000e48bf520,0x00000000e4a80000)
  to   space 9728K, 0% used [0x00000000e3800000,0x00000000e3800000,0x00000000e4180000)
 ParOldGen       total 52736K, used 28168K [0x00000000a0000000, 0x00000000a3380000, 0x00000000e0000000)
  object space 52736K, 53% used [0x00000000a0000000,0x00000000a1b82098,0x00000000a3380000)
 Metaspace       used 56292K, capacity 58914K, committed 59096K, reserved 1099776K
  class space    used 7664K, capacity 8197K, committed 8320K, reserved 1048576K
}
Event: 101.955 GC heap before
{Heap before GC invocations=37 (full 3):
 PSYoungGen      total 66560K, used 7421K [0x00000000e0000000, 0x00000000e4b00000, 0x0000000100000000)
  eden space 57344K, 0% used [0x00000000e0000000,0x00000000e0000000,0x00000000e3800000)
  from space 9216K, 80% used [0x00000000e4180000,0x00000000e48bf520,0x00000000e4a80000)
  to   space 9728K, 0% used [0x00000000e3800000,0x00000000e3800000,0x00000000e4180000)
 ParOldGen       total 52736K, used 28168K [0x00000000a0000000, 0x00000000a3380000, 0x00000000e0000000)
  object space 52736K, 53% used [0x00000000a0000000,0x00000000a1b82098,0x00000000a3380000)
 Metaspace       used 56292K, capacity 58914K, committed 59096K, reserved 1099776K
  class space    used 7664K, capacity 8197K, committed 8320K, reserved 1048576K
Event: 102.565 GC heap after
Heap after GC invocations=37 (full 3):
 PSYoungGen      total 66560K, used 0K [0x00000000e0000000, 0x00000000e4b00000, 0x0000000100000000)
  eden space 57344K, 0% used [0x00000000e0000000,0x00000000e0000000,0x00000000e3800000)
  from space 9216K, 0% used [0x00000000e4180000,0x00000000e4180000,0x00000000e4a80000)
  to   space 9728K, 0% used [0x00000000e3800000,0x00000000e3800000,0x00000000e4180000)
 ParOldGen       total 52736K, used 34499K [0x00000000a0000000, 0x00000000a3380000, 0x00000000e0000000)
  object space 52736K, 65% used [0x00000000a0000000,0x00000000a21b0ef0,0x00000000a3380000)
 Metaspace       used 56274K, capacity 58854K, committed 59096K, reserved 1099776K
  class space    used 7658K, capacity 8187K, committed 8320K, reserved 1048576K
}

Deoptimization events (10 events):
Event: 95.402 Thread 0x0000000018299800 Uncommon trap: reason=unstable_if action=reinterpret pc=0x0000000003988338 method=org.codehaus.groovy.runtime.metaclass.MetaMethodIndex.isNonRealMethod(Lgroovy/lang/MetaMethod;)Z @ 4
Event: 95.506 Thread 0x0000000018299800 Uncommon trap: reason=unstable_if action=reinterpret pc=0x0000000002f162bc method=sun.misc.URLClassPath$JarLoader.getResource(Ljava/lang/String;ZLjava/util/Set;)Lsun/misc/Resource; @ 17
Event: 95.597 Thread 0x0000000018299800 Uncommon trap: reason=unstable_if action=reinterpret pc=0x0000000002e90ecc method=java.util.WeakHashMap.expungeStaleEntries()V @ 66
Event: 96.004 Thread 0x0000000018299800 Uncommon trap: reason=class_check action=maybe_recompile pc=0x00000000032897b4 method=java.util.WeakHashMap.eq(Ljava/lang/Object;Ljava/lang/Object;)Z @ 7
Event: 96.258 Thread 0x0000000018299800 Uncommon trap: reason=class_check action=maybe_recompile pc=0x00000000032897b4 method=java.util.WeakHashMap.eq(Ljava/lang/Object;Ljava/lang/Object;)Z @ 7
Event: 96.996 Thread 0x0000000018299800 Uncommon trap: reason=null_check action=make_not_entrant pc=0x0000000003e1ebf4 method=java.lang.Class.searchMethods([Ljava/lang/reflect/Method;Ljava/lang/String;[Ljava/lang/Class;)Ljava/lang/reflect/Method; @ 59
Event: 96.996 Thread 0x0000000018299800 Uncommon trap: reason=null_check action=make_not_entrant pc=0x0000000003485130 method=java.lang.Class.searchMethods([Ljava/lang/reflect/Method;Ljava/lang/String;[Ljava/lang/Class;)Ljava/lang/reflect/Method; @ 59
Event: 101.533 Thread 0x0000000018299800 Uncommon trap: reason=unstable_if action=reinterpret pc=0x0000000002f46c3c method=java.lang.CharacterDataLatin1.isWhitespace(I)Z @ 14
Event: 103.960 Thread 0x0000000018299800 Uncommon trap: reason=unstable_if action=reinterpret pc=0x0000000003ac6ce0 method=org.objectweb.asm.ByteVector.putInt(I)Lorg/objectweb/asm/ByteVector; @ 13
Event: 104.572 Thread 0x0000000018299800 Uncommon trap: reason=unstable_if action=reinterpret pc=0x00000000037228ec method=java.lang.Class$MethodArray.removeLessSpecifics()V @ 25

Classes redefined (0 events):
No events

Internal exceptions (10 events):
Event: 97.039 Thread 0x0000000018299800 Exception <a 'java/lang/ClassNotFoundException': com/android/build/gradle/internal/dsl/BaseFlavorCustomizer> (0x00000000e2807f28) thrown at [C:\src\AOSP-openjdk-git\hotspot\src\share\vm\classfile\systemDictionary.cpp, line 210]
Event: 97.052 Thread 0x0000000018299800 Exception <a 'java/lang/ClassNotFoundException': com/android/build/gradle/internal/dsl/DefaultConfigCustomizer> (0x00000000e28be7a8) thrown at [C:\src\AOSP-openjdk-git\hotspot\src\share\vm\classfile\systemDictionary.cpp, line 210]
Event: 97.055 Thread 0x0000000018299800 Exception <a 'java/lang/ClassNotFoundException': com/android/build/gradle/internal/dsl/DefaultConfig_DecoratedCustomizer> (0x00000000e2906730) thrown at [C:\src\AOSP-openjdk-git\hotspot\src\share\vm\classfile\systemDictionary.cpp, line 210]
Event: 104.166 Thread 0x0000000018299800 Exception <a 'java/lang/ClassNotFoundException': com/android/build/gradle/internal/api/ApkVariantOutputImpl_DecoratedBeanInfo> (0x00000000e0c9e750) thrown at [C:\src\AOSP-openjdk-git\hotspot\src\share\vm\classfile\systemDictionary.cpp, line 210]
Event: 104.169 Thread 0x0000000018299800 Exception <a 'java/lang/ClassNotFoundException': com/android/build/gradle/internal/api/ApkVariantOutputImplBeanInfo> (0x00000000e0cc25f0) thrown at [C:\src\AOSP-openjdk-git\hotspot\src\share\vm\classfile\systemDictionary.cpp, line 210]
Event: 104.170 Thread 0x0000000018299800 Exception <a 'java/lang/ClassNotFoundException': com/android/build/gradle/internal/api/BaseVariantOutputImplBeanInfo> (0x00000000e0ce7c30) thrown at [C:\src\AOSP-openjdk-git\hotspot\src\share\vm\classfile\systemDictionary.cpp, line 210]
Event: 104.171 Thread 0x0000000018299800 Exception <a 'java/lang/ClassNotFoundException': com/android/build/gradle/internal/api/BaseVariantOutputImplCustomizer> (0x00000000e0d0d708) thrown at [C:\src\AOSP-openjdk-git\hotspot\src\share\vm\classfile\systemDictionary.cpp, line 210]
Event: 104.173 Thread 0x0000000018299800 Exception <a 'java/lang/ClassNotFoundException': com/android/build/gradle/internal/api/ApkVariantOutputImplCustomizer> (0x00000000e0d4cea0) thrown at [C:\src\AOSP-openjdk-git\hotspot\src\share\vm\classfile\systemDictionary.cpp, line 210]
Event: 104.175 Thread 0x0000000018299800 Exception <a 'java/lang/ClassNotFoundException': com/android/build/gradle/internal/api/ApkVariantOutputImpl_DecoratedCustomizer> (0x00000000e0d88458) thrown at [C:\src\AOSP-openjdk-git\hotspot\src\share\vm\classfile\systemDictionary.cpp, line 210]
Event: 104.572 Thread 0x0000000018299800 Implicit null exception at 0x000000000372256f to 0x00000000037228d1

Events (10 events):
Event: 104.748 loading class org/gradle/api/specs/AndSpec
Event: 104.748 loading class org/gradle/api/specs/AndSpec done
Event: 104.748 loading class org/gradle/api/specs/CompositeSpec
Event: 104.748 loading class org/gradle/api/specs/CompositeSpec done
Event: 104.754 loading class org/gradle/jvm/toolchain/JavaCompiler
Event: 104.754 loading class org/gradle/jvm/toolchain/JavaCompiler done
Event: 104.758 loading class org/gradle/api/tasks/TaskAction
Event: 104.758 loading class org/gradle/api/tasks/TaskAction done
Event: 104.784 loading class org/gradle/api/internal/AbstractTask$8
Event: 104.784 loading class org/gradle/api/internal/AbstractTask$8 done


Dynamic libraries:
0x00007ff60c0b0000 - 0x00007ff60c0e1000 	C:\Program Files\Android\Android Studio\jre\bin\java.exe
0x00007ffd1bc20000 - 0x00007ffd1be10000 	C:\WINDOWS\SYSTEM32\ntdll.dll
0x00007ffd1ab20000 - 0x00007ffd1abd2000 	C:\WINDOWS\System32\KERNEL32.DLL
0x00007ffd198f0000 - 0x00007ffd19b95000 	C:\WINDOWS\System32\KERNELBASE.dll
0x00007ffd1a9f0000 - 0x00007ffd1aa93000 	C:\WINDOWS\System32\ADVAPI32.dll
0x00007ffd1a950000 - 0x00007ffd1a9ee000 	C:\WINDOWS\System32\msvcrt.dll
0x00007ffd1ba20000 - 0x00007ffd1bab7000 	C:\WINDOWS\System32\sechost.dll
0x00007ffd1bac0000 - 0x00007ffd1bbe0000 	C:\WINDOWS\System32\RPCRT4.dll
0x00007ffd1a750000 - 0x00007ffd1a8e4000 	C:\WINDOWS\System32\USER32.dll
0x00007ffd19ba0000 - 0x00007ffd19bc1000 	C:\WINDOWS\System32\win32u.dll
0x00007ffd1a720000 - 0x00007ffd1a746000 	C:\WINDOWS\System32\GDI32.dll
0x00007ffd196a0000 - 0x00007ffd19836000 	C:\WINDOWS\System32\gdi32full.dll
0x00007ffd19c30000 - 0x00007ffd19cce000 	C:\WINDOWS\System32\msvcp_win.dll
0x00007ffd19490000 - 0x00007ffd1958a000 	C:\WINDOWS\System32\ucrtbase.dll
0x00007ffcfed00000 - 0x00007ffcfef84000 	C:\WINDOWS\WinSxS\amd64_microsoft.windows.common-controls_6595b64144ccf1df_6.0.18362.1256_none_9e7e379be45e40e2\COMCTL32.dll
0x00007ffd1ad00000 - 0x00007ffd1b036000 	C:\WINDOWS\System32\combase.dll
0x00007ffd195e0000 - 0x00007ffd19661000 	C:\WINDOWS\System32\bcryptPrimitives.dll
0x00007ffd1a090000 - 0x00007ffd1a0be000 	C:\WINDOWS\System32\IMM32.DLL
0x000000006fe70000 - 0x000000006ff42000 	C:\Program Files\Android\Android Studio\jre\jre\bin\msvcr100.dll
0x000000006de40000 - 0x000000006e68b000 	C:\Program Files\Android\Android Studio\jre\jre\bin\server\jvm.dll
0x00007ffd1b9a0000 - 0x00007ffd1b9a8000 	C:\WINDOWS\System32\PSAPI.DLL
0x00007ffd16840000 - 0x00007ffd16864000 	C:\WINDOWS\SYSTEM32\WINMM.dll
0x00007ffd01fd0000 - 0x00007ffd01fd9000 	C:\WINDOWS\SYSTEM32\WSOCK32.dll
0x00007ffd1b9b0000 - 0x00007ffd1ba1f000 	C:\WINDOWS\System32\WS2_32.dll
0x00007ffd0ea80000 - 0x00007ffd0ea8a000 	C:\WINDOWS\SYSTEM32\VERSION.dll
0x00007ffd16810000 - 0x00007ffd1683d000 	C:\WINDOWS\SYSTEM32\winmmbase.dll
0x00007ffd19590000 - 0x00007ffd195da000 	C:\WINDOWS\System32\cfgmgr32.dll
0x00007ffd12010000 - 0x00007ffd1201f000 	C:\Program Files\Android\Android Studio\jre\jre\bin\verify.dll
0x00007ffd0d180000 - 0x00007ffd0d1a9000 	C:\Program Files\Android\Android Studio\jre\jre\bin\java.dll
0x00007ffd0d0c0000 - 0x00007ffd0d0d6000 	C:\Program Files\Android\Android Studio\jre\jre\bin\zip.dll
0x00007ffd1b170000 - 0x00007ffd1b857000 	C:\WINDOWS\System32\SHELL32.dll
0x00007ffd1a670000 - 0x00007ffd1a719000 	C:\WINDOWS\System32\shcore.dll
0x00007ffd18d00000 - 0x00007ffd19481000 	C:\WINDOWS\System32\windows.storage.dll
0x00007ffd18b60000 - 0x00007ffd18b83000 	C:\WINDOWS\System32\profapi.dll
0x00007ffd18b10000 - 0x00007ffd18b5a000 	C:\WINDOWS\System32\powrprof.dll
0x00007ffd18ac0000 - 0x00007ffd18ad0000 	C:\WINDOWS\System32\UMPDC.dll
0x00007ffd1b040000 - 0x00007ffd1b092000 	C:\WINDOWS\System32\shlwapi.dll
0x00007ffd18ad0000 - 0x00007ffd18ae1000 	C:\WINDOWS\System32\kernel.appcore.dll
0x00007ffd18b90000 - 0x00007ffd18ba7000 	C:\WINDOWS\System32\cryptsp.dll
0x00007ffd0cf40000 - 0x00007ffd0cf5a000 	C:\Program Files\Android\Android Studio\jre\jre\bin\net.dll
0x00007ffd18260000 - 0x00007ffd182c7000 	C:\WINDOWS\system32\mswsock.dll
0x00007ffd04ff0000 - 0x00007ffd05003000 	C:\Program Files\Android\Android Studio\jre\jre\bin\nio.dll
0x00007ffd04ea0000 - 0x00007ffd04ec6000 	C:\Users\vandy\.gradle\native\fdc75f09e3144964f2cf3f50f0aa648679c211496f362492102eb8c894070792\windows-amd64\native-platform.dll
0x00007ffce58e0000 - 0x00007ffce5a71000 	C:\Users\vandy\.gradle\native\12488b8bf47d2d4c9fbf2f6322a914ad602e24e48041cd04a747c6da556b65c4\windows-amd64\native-platform-file-events.dll
0x00007ffd11590000 - 0x00007ffd1159d000 	C:\Program Files\Android\Android Studio\jre\jre\bin\management.dll
0x00007ffd17de0000 - 0x00007ffd17e13000 	C:\WINDOWS\system32\rsaenh.dll
0x00007ffd19670000 - 0x00007ffd19696000 	C:\WINDOWS\System32\bcrypt.dll
0x00007ffd189a0000 - 0x00007ffd189c5000 	C:\WINDOWS\SYSTEM32\USERENV.dll
0x00007ffd183e0000 - 0x00007ffd183ec000 	C:\WINDOWS\SYSTEM32\CRYPTBASE.dll
0x00007ffd17f80000 - 0x00007ffd17fba000 	C:\WINDOWS\SYSTEM32\IPHLPAPI.DLL
0x00007ffd1abf0000 - 0x00007ffd1abf8000 	C:\WINDOWS\System32\NSI.dll
0x00007ffd0edf0000 - 0x00007ffd0ee06000 	C:\WINDOWS\SYSTEM32\dhcpcsvc6.DLL
0x00007ffd0edd0000 - 0x00007ffd0edec000 	C:\WINDOWS\SYSTEM32\dhcpcsvc.DLL
0x00007ffd17fd0000 - 0x00007ffd1809b000 	C:\WINDOWS\SYSTEM32\DNSAPI.dll
0x00007ffd10c30000 - 0x00007ffd10c3b000 	C:\WINDOWS\SYSTEM32\WINNSI.DLL

VM Arguments:
jvm_args: -Xmx1536M -Dfile.encoding=windows-1252 -Duser.country=US -Duser.language=en -Duser.variant 
java_command: org.gradle.launcher.daemon.bootstrap.GradleDaemon 6.7
java_class_path (initial): C:\Users\vandy\.gradle\wrapper\dists\gradle-6.7-all\cuy9mc7upwgwgeb72wkcrupxe\gradle-6.7\lib\gradle-launcher-6.7.jar
Launcher Type: SUN_STANDARD

Environment Variables:
JAVA_HOME=C:\Program Files\Android\Android Studio\jre
CLASSPATH=C:\FlutterProjects\emkapp\android\\gradle\wrapper\gradle-wrapper.jar
PATH=C:\Python38\Scripts\;C:\Python38\;C:\Program Files (x86)\Common Files\Oracle\Java\javapath;C:\ProgramData\Oracle\Java\javapath;C:\WINDOWS\system32;C:\WINDOWS;C:\WINDOWS\System32\Wbem;C:\WINDOWS\System32\WindowsPowerShell\v1.0\;C:\WINDOWS\System32\OpenSSH\;C:\wamp64\bin\php\php5.6.31;C:\ProgramData\ComposerSetup\bin;C:\Program Files (x86)\Microsoft SQL Server\100\Tools\Binn\;C:\Program Files\Microsoft SQL Server\100\Tools\Binn\;C:\Program Files\Microsoft SQL Server\100\DTS\Binn\;C:\Program Files (x86)\Microsoft SQL Server\100\DTS\Binn\;C:\Program Files (x86)\Microsoft SQL Server\100\Tools\Binn\VSShell\Common7\IDE\;C:\ProgramData\chocolatey\bin;C:\Program Files\nodejs\;C:\Program Files\Docker\Docker\resources\bin;C:\ProgramData\DockerDesktop\version-bin;C:\Program Files\dotnet\;C:\Program Files\Git\cmd;C:\Program Files\Git\mingw64\bin;C:\Program Files\Git\usr\bin;C:\Ruby27-x64\bin;C:\Users\vandy\AppData\Local\Microsoft\WindowsApps;C:\Users\vandy\AppData\Roaming\Composer\vendor\bin;C:\Users\vandy\AppData\Roaming\npm;C:\Users\vandy\AppData\Local\Programs\Microsoft VS Code\bin;C:\flutter\bin;C:\Users\vandy\.dotnet\tools;C:\Program Files (x86)\WiX Toolset v3.11\bin;;C:\flutter\bin\mingit\cmd
USERNAME=vandy
OS=Windows_NT
PROCESSOR_IDENTIFIER=Intel64 Family 6 Model 58 Stepping 9, GenuineIntel



---------------  S Y S T E M  ---------------

OS: Windows 10.0 , 64 bit Build 18362 (10.0.18362.1110)

CPU:total 4 (initial active 4) (2 cores per cpu, 2 threads per core) family 6 model 58 stepping 9, cmov, cx8, fxsr, mmx, sse, sse2, sse3, ssse3, sse4.1, sse4.2, popcnt, avx, clmul, erms, ht, tsc, tscinvbit, tscinv

Memory: 4k page, physical 4070680k(256428k free), swap 16653592k(88k free)

vm_info: OpenJDK 64-Bit Server VM (25.242-b01) for windows-amd64 JRE (1.8.0_242-release-1644-b01), built by "builder" with MS VC++ 10.0 (VS2010)

time: Wed Jul 28 04:26:25 2021
timezone: Greenwich Standard Time
elapsed time: 105 seconds (0d 0h 1m 45s)

